#
# A fatal error has been detected by the Java Runtime Environment:
#
#  EXCEPTION_ACCESS_VIOLATION (0xc0000005) at pc=0x00000174b98a2b04, pid=17956, tid=21624
#
# JRE version: OpenJDK Runtime Environment Temurin-21.0.10+7 (21.0.10+7) (build 21.0.10+7-LTS)
# Java VM: OpenJDK 64-Bit Server VM Temurin-21.0.10+7 (21.0.10+7-LTS, mixed mode, sharing, tiered, compressed oops, compressed class ptrs, g1 gc, windows-amd64)
# Problematic frame:
# v  ~BufferBlob::MethodHandles adapters 0x00000174b98a2b04
#
# No core dump will be written. Minidumps are not enabled by default on client versions of Windows
#
# If you would like to submit a bug report, please visit:
#   https://github.com/adoptium/adoptium-support/issues
#

---------------  S U M M A R Y ------------

Command Line: -XX:+ShowCodeDetailsInExceptionMessages -agentlib:jdwp=transport=dt_socket,suspend=y,address=localhost:54070 -javaagent:C:\Users\shubham\eclipse\java-2025-12\eclipse\configuration\org.eclipse.osgi\258\0\.cp\lib\javaagent-shaded.jar -Dfile.encoding=UTF-8 -Dstdout.encoding=UTF-8 -Dstderr.encoding=UTF-8 com.example.demo.DemoApplication

Host: AMD A8-7410 APU with AMD Radeon R5 Graphics    , 4 cores, 6G,  Windows 10 , 64 bit Build 18362 (10.0.18362.1110)
Time: Tue Mar  3 12:13:55 2026 Sri Lanka Standard Time elapsed time: 567.822462 seconds (0d 0h 9m 27s)

---------------  T H R E A D  ---------------

Current thread (0x000001750fcb10d0):  JavaThread "http-nio-8080-exec-2" daemon [_thread_in_Java, id=21624, stack(0x0000005f85900000,0x0000005f85a00000) (1024K)]

Stack: [0x0000005f85900000,0x0000005f85a00000],  sp=0x0000005f859fda58,  free space=1014k
Native frames: (J=compiled Java code, j=interpreted, Vv=VM code, C=native code)
C  0x00000174b98a2b04

The last pc belongs to _linkToVirtual (printed below).

siginfo: EXCEPTION_ACCESS_VIOLATION (0xc0000005), reading address 0x000002fa2ded059a


Registers:
RAX=0x00000174b98796b9, RBX=0x0000000092b56180, RCX=0x0000005f859fda60, RDX=0x0000000000000002
RSP=0x0000005f859fda58, RBP=0x0000005f859fdaa8, RSI=0x0000017510077208, RDI=0x000001750e1a9dc0
R8 =0x0000000000000003, R9 =0x000001750f67ff10, R10=0x000001758c726342, R11=0x00000030942f5411
R12=0x0000000000000000, R13=0x0000005f859fda58, R14=0x0000005f859fdac8, R15=0x000001750fcb10d0
RIP=0x00000174b98a2b04, EFLAGS=0x0000000000010206

XMM[0]=0x0000000000000000 0x0000000000000000
XMM[1]=0x0000000000000000 0x0000000000000000
XMM[2]=0x0000000000000000 0x0000000000000000
XMM[3]=0x0000000000000000 0x0000000000000000
XMM[4]=0x0000000000000000 0x0000000000000000
XMM[5]=0x0000000000000000 0x0000000000000000
XMM[6]=0x0000000000000000 0x0000000000000000
XMM[7]=0x0000000000000000 0x0000000000000000
XMM[8]=0x0000000000000000 0x0000000000000000
XMM[9]=0x0000000000000000 0x0000000000000000
XMM[10]=0x0000000000000000 0x0000000000000000
XMM[11]=0x0000000000000000 0x0000000000000000
XMM[12]=0x0000000000000000 0x0000000000000000
XMM[13]=0x0000000000000000 0x0000000000000000
XMM[14]=0x0000000000000000 0x0000000000000000
XMM[15]=0x0000000000000000 0x0000000000000000
  MXCSR=0x00001fa0


Register to memory mapping:

RAX=0x00000174b98796b9 is at code_begin+4665 in an Interpreter codelet
return entry points  [0x00000174b9878480, 0x00000174b987a590]  8464 bytes
RBX=0x0000000092b56180 is an oop: com.example.demo.controller.EmployeeController 
{0x0000000092b56180} - klass: 'com/example/demo/controller/EmployeeController'
 - ---- fields (total size 2 words):
 - private 'employeeService' 'Lcom/example/demo/service/EmployeeService;' @12  a 'com/example/demo/serviceImpl/EmployeeServiceImpl'{0x0000000092b56190} (0x92b56190)
RCX=0x0000005f859fda60 is pointing into the stack for thread: 0x000001750fcb10d0
RDX=0x0000000000000002 is an unknown value
RSP=0x0000005f859fda58 is pointing into the stack for thread: 0x000001750fcb10d0
RBP=0x0000005f859fdaa8 is pointing into the stack for thread: 0x000001750fcb10d0
RSI=0x0000017510077208 points into unknown readable memory: 0x800016f88f02b28b | 8b b2 02 8f f8 16 00 80
RDI=0x000001750e1a9dc0 points into unknown readable memory: 0x0000001800000060 | 60 00 00 00 18 00 00 00
R8 =0x0000000000000003 is an unknown value
R9 =0x000001750f67ff10 points into unknown readable memory: 0x0000001e00000003 | 03 00 00 00 1e 00 00 00
R10=0x000001758c726342 is an unknown value
R11=0x00000030942f5411 is an unknown value
R12=0x0 is null
R13=0x0000005f859fda58 is pointing into the stack for thread: 0x000001750fcb10d0
R14=0x0000005f859fdac8 is pointing into the stack for thread: 0x000001750fcb10d0
R15=0x000001750fcb10d0 is a thread

Top of Stack: (sp=0x0000005f859fda58)
0x0000005f859fda58:   00000174b98796b9 0000005f859fda60
0x0000005f859fda68:   00000174c6726342 0000000000000004
0x0000005f859fda78:   00000174c60af458 0000017513905020
0x0000005f859fda88:   0000000091bcbce8 00000174c60b1fa8
0x0000005f859fda98:   0000005f859fda58 0000005f859fdad0
0x0000005f859fdaa8:   0000005f859fdde8 00000174b289c5d0
0x0000005f859fdab8:   0000000093c62a80 0000000092b56180
0x0000005f859fdac8:   0000000093c62a58 0000005f859fc749
0x0000005f859fdad8:   00007ff8ef698acc 0000000092ab8f28
0x0000005f859fdae8:   0000000093c62ab0 0000000092b56180
0x0000005f859fdaf8:   0000000093c62ad8 0000000093c62a58
0x0000005f859fdb08:   0000000092b56180 00000174b289c484
0x0000005f859fdb18:   00000174b9e2ac1e 0000005f859fdde8
0x0000005f859fdb28:   00000174b2d17e4b 000001750fcb10d0
0x0000005f859fdb38:   00000000932b65e0 00000000939a7328
0x0000005f859fdb48:   0000000092dcd378 00000174b2d1b5c0
0x0000005f859fdb58:   00000174b2d1b4f0 00000174b2d1b5c0
0x0000005f859fdb68:   0000005f859fc860 0000a96329e2dd27
0x0000005f859fdb78:   00000174b2757260 0000005f859fdde8
0x0000005f859fdb88:   00000174b239853c 0000005f859fca50
0x0000005f859fdb98:   0000005f859fb6e0 0000005f859fc9a0
0x0000005f859fdba8:   0000000000000c00 0000000000000000
0x0000005f859fdbb8:   0000000000000000 0000000000000000
0x0000005f859fdbc8:   0000000000000000 0000000000000000
0x0000005f859fdbd8:   0000000000000000 0000000093c62b00
0x0000005f859fdbe8:   0000000092dcd368 0000000092b56180
0x0000005f859fdbf8:   0000005f859fc900 000001750fcb10d0
0x0000005f859fdc08:   0000000092b56290 0000000092dcd378
0x0000005f859fdc18:   0000000092ab8f28 0000000092ab8f28
0x0000005f859fdc28:   0000017500000001 00000000939a7328
0x0000005f859fdc38:   00000000939a7328 0000000093383700
0x0000005f859fdc48:   0000000093c62ab0 0000005f859fdde8 

Instructions: (pc=0x00000174b98a2b04)
0x00000174b98a2a04:   00 00 00 00 01 00 00 00 00 00 00 00 f0 5a f0 ef
0x00000174b98a2a14:   f8 7f 00 00 80 2a 8a b9 74 01 00 00 00 3b 8a b9
0x00000174b98a2a24:   74 01 00 00 80 2a 8a b9 74 01 00 00 00 3b 8a b9
0x00000174b98a2a34:   74 01 00 00 70 2a 8a b9 74 01 00 00 70 2a 8a b9
0x00000174b98a2a44:   74 01 00 00 00 00 00 00 00 00 00 00 90 5b f0 ef
0x00000174b98a2a54:   f8 7f 00 00 f0 10 00 00 60 00 00 00 ff ff ff ff
0x00000174b98a2a64:   f0 10 00 00 00 00 00 00 00 00 00 00 00 00 00 00
0x00000174b98a2a74:   00 00 00 00 00 00 00 00 00 00 00 00 f4 66 66 66
0x00000174b98a2a84:   0f 1f 84 00 00 00 00 00 66 66 0f 1f 84 00 00 00
0x00000174b98a2a94:   00 00 66 66 0f 1f 84 00 00 00 00 00 48 8b 53 08
0x00000174b98a2aa4:   0f b7 52 2e 48 8b 0c d4 8b 59 14 8b 5b 28 8b 5b
0x00000174b98a2ab4:   24 48 8b 5b 10 48 85 db 0f 84 10 00 00 00 41 80
0x00000174b98a2ac4:   bf e0 05 00 00 00 74 03 ff 63 38 ff 63 50 e9 a9
0x00000174b98a2ad4:   16 00 00 66 0f 1f 84 00 00 00 00 00 48 8b 53 08
0x00000174b98a2ae4:   0f b7 52 2e 48 8b 0c d4 58 5b 50 44 8b 51 08 49
0x00000174b98a2af4:   bb 00 00 00 c6 74 01 00 00 4d 03 d3 4c 8b 5b 10
0x00000174b98a2b04:   4b 8b 9c da d0 01 00 00 48 85 db 0f 84 10 00 00
0x00000174b98a2b14:   00 41 80 bf e0 05 00 00 00 74 03 ff 63 38 ff 63
0x00000174b98a2b24:   50 e9 56 16 00 00 66 66 66 0f 1f 84 00 00 00 00
0x00000174b98a2b34:   00 66 66 66 0f 1f 84 00 00 00 00 00 58 5b 50 8b
0x00000174b98a2b44:   5b 24 48 8b 5b 10 48 85 db 0f 84 10 00 00 00 41
0x00000174b98a2b54:   80 bf e0 05 00 00 00 74 03 ff 63 38 ff 63 50 e9
0x00000174b98a2b64:   18 16 00 00 66 66 66 0f 1f 84 00 00 00 00 00 0f
0x00000174b98a2b74:   1f 80 00 00 00 00 66 0f 1f 44 00 00 48 8b 53 08
0x00000174b98a2b84:   0f b7 52 2e 48 8b 0c d4 58 5b 50 48 3b 01 8b 5b
0x00000174b98a2b94:   24 48 8b 5b 10 48 85 db 0f 84 10 00 00 00 41 80
0x00000174b98a2ba4:   bf e0 05 00 00 00 74 03 ff 63 38 ff 63 50 e9 c9
0x00000174b98a2bb4:   15 00 00 66 0f 1f 84 00 00 00 00 00 48 8b 53 08
0x00000174b98a2bc4:   0f b7 52 2e 48 8b 0c d4 58 5b 50 44 8b 51 08 49
0x00000174b98a2bd4:   bb 00 00 00 c6 74 01 00 00 4d 03 d3 8b 43 18 48
0x00000174b98a2be4:   8b 40 10 48 8b 5b 10 45 8b 9a ac 00 00 00 4f 8d
0x00000174b98a2bf4:   9c da d0 01 00 00 4d 8d 14 da 49 8b 1b 48 3b c3 


Stack slot to memory mapping:

stack at sp + 0 slots: 0x00000174b98796b9 is at code_begin+4665 in an Interpreter codelet
return entry points  [0x00000174b9878480, 0x00000174b987a590]  8464 bytes
stack at sp + 1 slots: 0x0000005f859fda60 is pointing into the stack for thread: 0x000001750fcb10d0
stack at sp + 2 slots: 0x00000174c6726342 is pointing into metadata
stack at sp + 3 slots: 0x0000000000000004 is an unknown value
stack at sp + 4 slots: 0x00000174c60af458 is pointing into metadata
stack at sp + 5 slots: 0x0000017513905020 is pointing into metadata
stack at sp + 6 slots: 0x0000000091bcbce8 is an oop: java.lang.Class 
{0x0000000091bcbce8} - klass: 'java/lang/Class'
 - ---- fields (total size 14 words):
 - private volatile transient 'classRedefinedCount' 'I' @12  0 (0x00000000)
 - injected 'klass' 'J' @16  1601050439712 (0x00000174c60af020)
 - injected 'array_klass' 'J' @24  0 (0x0000000000000000)
 - injected 'oop_size' 'I' @32  14 (0x0000000e)
 - injected 'static_oop_field_count' 'I' @36  0 (0x00000000)
 - private volatile transient 'cachedConstructor' 'Ljava/lang/reflect/Constructor;' @40  null (0x00000000)
 - private transient 'name' 'Ljava/lang/String;' @44  null (0x00000000)
 - private transient 'module' 'Ljava/lang/Module;' @48  a 'java/lang/Module'{0x0000000091be6c50} (0x91be6c50)
 - private final 'classLoader' 'Ljava/lang/ClassLoader;' @52  null (0x00000000)
 - private transient 'classData' 'Ljava/lang/Object;' @56  null (0x00000000)
 - private transient 'packageName' 'Ljava/lang/String;' @60  null (0x00000000)
 - private final 'componentType' 'Ljava/lang/Class;' @64  null (0x00000000)
 - private volatile transient 'reflectionData' 'Ljava/lang/ref/SoftReference;' @68  null (0x00000000)
 - private volatile transient 'genericInfo' 'Lsun/reflect/generics/repository/ClassRepository;' @72  null (0x00000000)
 - private volatile transient 'enumConstants' '[Ljava/lang/Object;' @76  null (0x00000000)
 - private volatile transient 'enumConstantDirectory' 'Ljava/util/Map;' @80  null (0x00000000)
 - private volatile transient 'annotationData' 'Ljava/lang/Class$AnnotationData;' @84  null (0x00000000)
 - private volatile transient 'annotationType' 'Lsun/reflect/annotation/AnnotationType;' @88  null (0x00000000)
 - transient 'classValueMap' 'Ljava/lang/ClassValue$ClassValueMap;' @92  null (0x00000000)
 - injected 'protection_domain' 'Ljava/lang/Object;' @96  null (0x00000000)
 - injected 'signers_name' 'Ljava/lang/Object;' @100  null (0x00000000)
 - injected 'source_file' 'Ljava/lang/Object;' @104  null (0x00000000)
 - injected '<init_lock>' 'Ljava/lang/Object;' @108  null (0x00000000)
 - signature: Ljava/lang/invoke/DirectMethodHandle$Holder;
 - ---- static fields (0):
stack at sp + 7 slots: {method} {0x00000174c60b1fb0} 'invokeVirtual' '(Ljava/lang/Object;Ljava/lang/Object;)Ljava/lang/Object;' in 'java/lang/invoke/DirectMethodHandle$Holder'

MethodHandle::interpreter_entry::_linkToVirtual [0x00000174b98a2ad7, 0x00000174b98a2b2a] (83 bytes)
[MachCode]
  0x00000174b98a2ad7: 660f 1f84 | 0000 0000 | 0048 8b53 | 080f b752 | 2e48 8b0c | d458 5b50 | 448b 5108 | 49bb 0000 
  0x00000174b98a2af7: 00c6 7401 | 0000 4d03 | d34c 8b5b | 104b 8b9c | dad0 0100 | 0048 85db | 0f84 1000 | 0000 4180 
  0x00000174b98a2b17: bfe0 0500 | 0000 7403 | ff63 38ff | 6350 e956 | 
[/MachCode]

---------------  P R O C E S S  ---------------

Threads class SMR info:
_java_thread_list=0x000001750f8fbe00, length=31, elements={
0x00000174c5aa8450, 0x00000174c5aa9bc0, 0x00000174c5aaf200, 0x00000174c5ab1ef0,
0x00000174c5ab2950, 0x00000174c5ab33b0, 0x00000174c5ab4140, 0x00000174c5b20fc0,
0x00000174c5d32110, 0x00000174c5ccf7d0, 0x00000174c5ccfe50, 0x00000174c5c6e730,
0x000001750b6b3ac0, 0x000001750e0e5690, 0x000001750e0e63b0, 0x000001750e0e42e0,
0x000001750e0e6a40, 0x000001750e0e4970, 0x000001750fcb03b0, 0x000001750fcb10d0,
0x000001750fcb1df0, 0x000001750fcacf30, 0x000001750fcaae60, 0x000001750fcac210,
0x000001750fcad5c0, 0x000001750fcb2480, 0x000001750fcae2e0, 0x000001750fcae970,
0x000001750fcaf000, 0x000001750fcaf690, 0x000001750fcafd20
}

Java Threads: ( => current thread )
  0x00000174c5aa8450 JavaThread "Reference Handler"          daemon [_thread_blocked, id=11504, stack(0x0000005f83e00000,0x0000005f83f00000) (1024K)]
  0x00000174c5aa9bc0 JavaThread "Finalizer"                  daemon [_thread_blocked, id=16880, stack(0x0000005f83f00000,0x0000005f84000000) (1024K)]
  0x00000174c5aaf200 JavaThread "Signal Dispatcher"          daemon [_thread_blocked, id=16336, stack(0x0000005f84000000,0x0000005f84100000) (1024K)]
  0x00000174c5ab1ef0 JavaThread "Attach Listener"            daemon [_thread_blocked, id=18460, stack(0x0000005f84100000,0x0000005f84200000) (1024K)]
  0x00000174c5ab2950 JavaThread "Service Thread"             daemon [_thread_blocked, id=13516, stack(0x0000005f84200000,0x0000005f84300000) (1024K)]
  0x00000174c5ab33b0 JavaThread "Monitor Deflation Thread"   daemon [_thread_blocked, id=16208, stack(0x0000005f84300000,0x0000005f84400000) (1024K)]
  0x00000174c5ab4140 JavaThread "C2 CompilerThread0"         daemon [_thread_blocked, id=21352, stack(0x0000005f84400000,0x0000005f84500000) (1024K)]
  0x00000174c5b20fc0 JavaThread "C1 CompilerThread0"         daemon [_thread_blocked, id=15728, stack(0x0000005f84500000,0x0000005f84600000) (1024K)]
  0x00000174c5d32110 JavaThread "JDWP Transport Listener: dt_socket" daemon [_thread_blocked, id=19244, stack(0x0000005f84600000,0x0000005f84700000) (1024K)]
  0x00000174c5ccf7d0 JavaThread "JDWP Event Helper Thread"   daemon [_thread_blocked, id=10616, stack(0x0000005f84700000,0x0000005f84800000) (1024K)]
  0x00000174c5ccfe50 JavaThread "JDWP Command Reader"        daemon [_thread_in_native, id=19344, stack(0x0000005f84800000,0x0000005f84900000) (1024K)]
  0x00000174c5c6e730 JavaThread "Common-Cleaner"             daemon [_thread_blocked, id=17196, stack(0x0000005f84900000,0x0000005f84a00000) (1024K)]
  0x000001750b6b3ac0 JavaThread "Notification Thread"        daemon [_thread_blocked, id=11704, stack(0x0000005f84b00000,0x0000005f84c00000) (1024K)]
  0x000001750e0e5690 JavaThread "Catalina-utility-1"                [_thread_blocked, id=21716, stack(0x0000005f85000000,0x0000005f85100000) (1024K)]
  0x000001750e0e63b0 JavaThread "Catalina-utility-2"                [_thread_blocked, id=17416, stack(0x0000005f85100000,0x0000005f85200000) (1024K)]
  0x000001750e0e42e0 JavaThread "container-0"                       [_thread_blocked, id=2636, stack(0x0000005f85200000,0x0000005f85300000) (1024K)]
  0x000001750e0e6a40 JavaThread "mysql-cj-abandoned-connection-cleanup" daemon [_thread_blocked, id=8064, stack(0x0000005f85300000,0x0000005f85400000) (1024K)]
  0x000001750e0e4970 JavaThread "HikariPool-1:housekeeper"   daemon [_thread_blocked, id=10044, stack(0x0000005f85500000,0x0000005f85600000) (1024K)]
  0x000001750fcb03b0 JavaThread "http-nio-8080-exec-1"       daemon [_thread_blocked, id=6472, stack(0x0000005f85800000,0x0000005f85900000) (1024K)]
=>0x000001750fcb10d0 JavaThread "http-nio-8080-exec-2"       daemon [_thread_in_Java, id=21624, stack(0x0000005f85900000,0x0000005f85a00000) (1024K)]
  0x000001750fcb1df0 JavaThread "http-nio-8080-exec-3"       daemon [_thread_blocked, id=8248, stack(0x0000005f85a00000,0x0000005f85b00000) (1024K)]
  0x000001750fcacf30 JavaThread "http-nio-8080-exec-4"       daemon [_thread_blocked, id=22160, stack(0x0000005f85b00000,0x0000005f85c00000) (1024K)]
  0x000001750fcaae60 JavaThread "http-nio-8080-exec-5"       daemon [_thread_blocked, id=21524, stack(0x0000005f85c00000,0x0000005f85d00000) (1024K)]
  0x000001750fcac210 JavaThread "http-nio-8080-exec-6"       daemon [_thread_blocked, id=16700, stack(0x0000005f85d00000,0x0000005f85e00000) (1024K)]
  0x000001750fcad5c0 JavaThread "http-nio-8080-exec-7"       daemon [_thread_blocked, id=19180, stack(0x0000005f85e00000,0x0000005f85f00000) (1024K)]
  0x000001750fcb2480 JavaThread "http-nio-8080-exec-8"       daemon [_thread_blocked, id=19652, stack(0x0000005f85f00000,0x0000005f86000000) (1024K)]
  0x000001750fcae2e0 JavaThread "http-nio-8080-exec-9"       daemon [_thread_blocked, id=12576, stack(0x0000005f86000000,0x0000005f86100000) (1024K)]
  0x000001750fcae970 JavaThread "http-nio-8080-exec-10"      daemon [_thread_blocked, id=16868, stack(0x0000005f86100000,0x0000005f86200000) (1024K)]
  0x000001750fcaf000 JavaThread "http-nio-8080-Poller"       daemon [_thread_in_native, id=15316, stack(0x0000005f86200000,0x0000005f86300000) (1024K)]
  0x000001750fcaf690 JavaThread "http-nio-8080-Acceptor"     daemon [_thread_in_native, id=16980, stack(0x0000005f86300000,0x0000005f86400000) (1024K)]
  0x000001750fcafd20 JavaThread "DestroyJavaVM"                     [_thread_blocked, id=2284, stack(0x0000005f83600000,0x0000005f83700000) (1024K)]
Total: 31

Other Threads:
  0x00000174c5a93fd0 VMThread "VM Thread"                           [id=20576, stack(0x0000005f83d00000,0x0000005f83e00000) (1024K)]
  0x00000174c5a7d520 WatcherThread "VM Periodic Task Thread"        [id=3380, stack(0x0000005f83c00000,0x0000005f83d00000) (1024K)]
  0x00000174ae9e81c0 WorkerThread "GC Thread#0"                     [id=18320, stack(0x0000005f83700000,0x0000005f83800000) (1024K)]
  0x000001750b6f38e0 WorkerThread "GC Thread#1"                     [id=20392, stack(0x0000005f84d00000,0x0000005f84e00000) (1024K)]
  0x000001750b7d4a00 WorkerThread "GC Thread#2"                     [id=17144, stack(0x0000005f84e00000,0x0000005f84f00000) (1024K)]
  0x000001750b6f4090 WorkerThread "GC Thread#3"                     [id=16780, stack(0x0000005f84f00000,0x0000005f85000000) (1024K)]
  0x00000174ae9f6ba0 ConcurrentGCThread "G1 Main Marker"            [id=20128, stack(0x0000005f83800000,0x0000005f83900000) (1024K)]
  0x00000174ae9f7f10 WorkerThread "G1 Conc#0"                       [id=19088, stack(0x0000005f83900000,0x0000005f83a00000) (1024K)]
  0x00000174aea4e4a0 ConcurrentGCThread "G1 Refine#0"               [id=21092, stack(0x0000005f83a00000,0x0000005f83b00000) (1024K)]
  0x00000174c594da60 ConcurrentGCThread "G1 Service"                [id=3012, stack(0x0000005f83b00000,0x0000005f83c00000) (1024K)]
Total: 10

Threads with active compile tasks:
Total: 0

VM state: not at safepoint (normal execution)

VM Mutex/Monitor currently owned by a thread: None

Heap address: 0x0000000091600000, size: 1770 MB, Compressed Oops mode: 32-bit

CDS archive(s) mapped at: [0x00000174c6000000-0x00000174c6c80000-0x00000174c6c80000), size 13107200, SharedBaseAddress: 0x00000174c6000000, ArchiveRelocationMode: 1.
Compressed class space mapped at: 0x00000174c7000000-0x0000017507000000, reserved size: 1073741824
Narrow klass base: 0x00000174c6000000, Narrow klass shift: 0, Narrow klass range: 0x100000000

GC Precious Log:
 CardTable entry size: 512
 Card Set container configuration: InlinePtr #cards 5 size 8 Array Of Cards #cards 12 size 40 Howl #buckets 4 coarsen threshold 1843 Howl Bitmap #cards 512 size 80 coarsen threshold 460 Card regions per heap region 1 cards per card region 2048
 CPUs: 4 total, 4 available
 Memory: 7074M
 Large Page Support: Disabled
 NUMA Support: Disabled
 Compressed Oops: Enabled (32-bit)
 Heap Region Size: 1M
 Heap Min Capacity: 8M
 Heap Initial Capacity: 112M
 Heap Max Capacity: 1770M
 Pre-touch: Disabled
 Parallel Workers: 4
 Concurrent Workers: 1
 Concurrent Refinement Workers: 4
 Periodic GC: Disabled

Heap:
 garbage-first heap   total 72704K, used 54441K [0x0000000091600000, 0x0000000100000000)
  region size 1024K, 21 young (21504K), 3 survivors (3072K)
 Metaspace       used 92194K, committed 92992K, reserved 1179648K
  class space    used 12364K, committed 12736K, reserved 1048576K

Heap Regions: E=young(eden), S=young(survivor), O=old, HS=humongous(starts), HC=humongous(continues), CS=collection set, F=free, TAMS=top-at-mark-start, PB=parsable bottom
|   0|0x0000000091600000, 0x0000000091700000, 0x0000000091700000|100%|HS|  |TAMS 0x0000000091600000| PB 0x0000000091600000| Complete 
|   1|0x0000000091700000, 0x0000000091800000, 0x0000000091800000|100%|HS|  |TAMS 0x0000000091700000| PB 0x0000000091700000| Complete 
|   2|0x0000000091800000, 0x0000000091900000, 0x0000000091900000|100%| O|  |TAMS 0x0000000091800000| PB 0x0000000091800000| Untracked 
|   3|0x0000000091900000, 0x0000000091a00000, 0x0000000091a00000|100%| O|  |TAMS 0x0000000091900000| PB 0x0000000091900000| Untracked 
|   4|0x0000000091a00000, 0x0000000091b00000, 0x0000000091b00000|100%| O|  |TAMS 0x0000000091a00000| PB 0x0000000091a00000| Untracked 
|   5|0x0000000091b00000, 0x0000000091c00000, 0x0000000091c00000|100%| O|  |TAMS 0x0000000091b00000| PB 0x0000000091b00000| Untracked 
|   6|0x0000000091c00000, 0x0000000091d00000, 0x0000000091d00000|100%| O|  |TAMS 0x0000000091c00000| PB 0x0000000091c00000| Untracked 
|   7|0x0000000091d00000, 0x0000000091e00000, 0x0000000091e00000|100%| O|  |TAMS 0x0000000091d00000| PB 0x0000000091d00000| Untracked 
|   8|0x0000000091e00000, 0x0000000091f00000, 0x0000000091f00000|100%| O|  |TAMS 0x0000000091e00000| PB 0x0000000091e00000| Untracked 
|   9|0x0000000091f00000, 0x0000000092000000, 0x0000000092000000|100%| O|  |TAMS 0x0000000091f00000| PB 0x0000000091f00000| Untracked 
|  10|0x0000000092000000, 0x0000000092100000, 0x0000000092100000|100%| O|  |TAMS 0x0000000092000000| PB 0x0000000092000000| Untracked 
|  11|0x0000000092100000, 0x0000000092200000, 0x0000000092200000|100%| O|  |TAMS 0x0000000092100000| PB 0x0000000092100000| Untracked 
|  12|0x0000000092200000, 0x0000000092300000, 0x0000000092300000|100%| O|  |TAMS 0x0000000092200000| PB 0x0000000092200000| Untracked 
|  13|0x0000000092300000, 0x0000000092400000, 0x0000000092400000|100%| O|  |TAMS 0x0000000092300000| PB 0x0000000092300000| Untracked 
|  14|0x0000000092400000, 0x0000000092500000, 0x0000000092500000|100%| O|  |TAMS 0x0000000092400000| PB 0x0000000092400000| Untracked 
|  15|0x0000000092500000, 0x0000000092600000, 0x0000000092600000|100%| O|  |TAMS 0x0000000092500000| PB 0x0000000092500000| Untracked 
|  16|0x0000000092600000, 0x0000000092700000, 0x0000000092700000|100%| O|  |TAMS 0x0000000092600000| PB 0x0000000092600000| Untracked 
|  17|0x0000000092700000, 0x0000000092800000, 0x0000000092800000|100%| O|  |TAMS 0x0000000092700000| PB 0x0000000092700000| Untracked 
|  18|0x0000000092800000, 0x0000000092900000, 0x0000000092900000|100%| O|  |TAMS 0x0000000092800000| PB 0x0000000092800000| Untracked 
|  19|0x0000000092900000, 0x0000000092a00000, 0x0000000092a00000|100%| O|  |TAMS 0x0000000092900000| PB 0x0000000092900000| Untracked 
|  20|0x0000000092a00000, 0x0000000092b00000, 0x0000000092b00000|100%| O|  |TAMS 0x0000000092a00000| PB 0x0000000092a00000| Untracked 
|  21|0x0000000092b00000, 0x0000000092c00000, 0x0000000092c00000|100%| O|Cm|TAMS 0x0000000092b00000| PB 0x0000000092b00000| Complete 
|  22|0x0000000092c00000, 0x0000000092d00000, 0x0000000092d00000|100%| O|  |TAMS 0x0000000092c00000| PB 0x0000000092c00000| Untracked 
|  23|0x0000000092d00000, 0x0000000092e00000, 0x0000000092e00000|100%| O|  |TAMS 0x0000000092d00000| PB 0x0000000092d00000| Untracked 
|  24|0x0000000092e00000, 0x0000000092f00000, 0x0000000092f00000|100%| O|  |TAMS 0x0000000092e00000| PB 0x0000000092e00000| Untracked 
|  25|0x0000000092f00000, 0x0000000093000000, 0x0000000093000000|100%| O|  |TAMS 0x0000000092f00000| PB 0x0000000092f00000| Untracked 
|  26|0x0000000093000000, 0x0000000093000000, 0x0000000093100000|  0%| F|  |TAMS 0x0000000093000000| PB 0x0000000093000000| Untracked 
|  27|0x0000000093100000, 0x0000000093200000, 0x0000000093200000|100%| O|  |TAMS 0x0000000093100000| PB 0x0000000093100000| Untracked 
|  28|0x0000000093200000, 0x0000000093300000, 0x0000000093300000|100%| O|  |TAMS 0x0000000093200000| PB 0x0000000093200000| Untracked 
|  29|0x0000000093300000, 0x0000000093400000, 0x0000000093400000|100%| O|  |TAMS 0x0000000093300000| PB 0x0000000093300000| Untracked 
|  30|0x0000000093400000, 0x0000000093500000, 0x0000000093500000|100%| O|  |TAMS 0x0000000093400000| PB 0x0000000093400000| Untracked 
|  31|0x0000000093500000, 0x0000000093600000, 0x0000000093600000|100%| O|  |TAMS 0x0000000093500000| PB 0x0000000093500000| Untracked 
|  32|0x0000000093600000, 0x0000000093700000, 0x0000000093700000|100%| O|Cm|TAMS 0x0000000093600000| PB 0x0000000093600000| Complete 
|  33|0x0000000093700000, 0x0000000093800000, 0x0000000093800000|100%| O|  |TAMS 0x0000000093700000| PB 0x0000000093700000| Untracked 
|  34|0x0000000093800000, 0x0000000093900000, 0x0000000093900000|100%| S|CS|TAMS 0x0000000093800000| PB 0x0000000093800000| Complete 
|  35|0x0000000093900000, 0x0000000093a00000, 0x0000000093a00000|100%| S|CS|TAMS 0x0000000093900000| PB 0x0000000093900000| Complete 
|  36|0x0000000093a00000, 0x0000000093a00000, 0x0000000093b00000|  0%| F|  |TAMS 0x0000000093a00000| PB 0x0000000093a00000| Untracked 
|  37|0x0000000093b00000, 0x0000000093b00000, 0x0000000093c00000|  0%| F|  |TAMS 0x0000000093b00000| PB 0x0000000093b00000| Untracked 
|  38|0x0000000093c00000, 0x0000000093d00000, 0x0000000093d00000|100%| S|CS|TAMS 0x0000000093c00000| PB 0x0000000093c00000| Complete 
|  39|0x0000000093d00000, 0x0000000093d00000, 0x0000000093e00000|  0%| F|  |TAMS 0x0000000093d00000| PB 0x0000000093d00000| Untracked 
|  40|0x0000000093e00000, 0x0000000093e00000, 0x0000000093f00000|  0%| F|  |TAMS 0x0000000093e00000| PB 0x0000000093e00000| Untracked 
|  41|0x0000000093f00000, 0x0000000093f00000, 0x0000000094000000|  0%| F|  |TAMS 0x0000000093f00000| PB 0x0000000093f00000| Untracked 
|  42|0x0000000094000000, 0x0000000094000000, 0x0000000094100000|  0%| F|  |TAMS 0x0000000094000000| PB 0x0000000094000000| Untracked 
|  43|0x0000000094100000, 0x0000000094100000, 0x0000000094200000|  0%| F|  |TAMS 0x0000000094100000| PB 0x0000000094100000| Untracked 
|  44|0x0000000094200000, 0x0000000094200000, 0x0000000094300000|  0%| F|  |TAMS 0x0000000094200000| PB 0x0000000094200000| Untracked 
|  45|0x0000000094300000, 0x0000000094300000, 0x0000000094400000|  0%| F|  |TAMS 0x0000000094300000| PB 0x0000000094300000| Untracked 
|  46|0x0000000094400000, 0x0000000094400000, 0x0000000094500000|  0%| F|  |TAMS 0x0000000094400000| PB 0x0000000094400000| Untracked 
|  47|0x0000000094500000, 0x0000000094500000, 0x0000000094600000|  0%| F|  |TAMS 0x0000000094500000| PB 0x0000000094500000| Untracked 
|  48|0x0000000094600000, 0x0000000094600000, 0x0000000094700000|  0%| F|  |TAMS 0x0000000094600000| PB 0x0000000094600000| Untracked 
|  49|0x0000000094700000, 0x0000000094700000, 0x0000000094800000|  0%| F|  |TAMS 0x0000000094700000| PB 0x0000000094700000| Untracked 
|  50|0x0000000094800000, 0x0000000094800000, 0x0000000094900000|  0%| F|  |TAMS 0x0000000094800000| PB 0x0000000094800000| Untracked 
|  51|0x0000000094900000, 0x0000000094a00000, 0x0000000094a00000|100%| E|  |TAMS 0x0000000094900000| PB 0x0000000094900000| Complete 
|  52|0x0000000094a00000, 0x0000000094b00000, 0x0000000094b00000|100%| E|CS|TAMS 0x0000000094a00000| PB 0x0000000094a00000| Complete 
|  53|0x0000000094b00000, 0x0000000094c00000, 0x0000000094c00000|100%| E|CS|TAMS 0x0000000094b00000| PB 0x0000000094b00000| Complete 
|  54|0x0000000094c00000, 0x0000000094d00000, 0x0000000094d00000|100%| E|CS|TAMS 0x0000000094c00000| PB 0x0000000094c00000| Complete 
|  55|0x0000000094d00000, 0x0000000094e00000, 0x0000000094e00000|100%| E|  |TAMS 0x0000000094d00000| PB 0x0000000094d00000| Complete 
|  56|0x0000000094e00000, 0x0000000094f00000, 0x0000000094f00000|100%| E|CS|TAMS 0x0000000094e00000| PB 0x0000000094e00000| Complete 
|  57|0x0000000094f00000, 0x0000000095000000, 0x0000000095000000|100%| E|CS|TAMS 0x0000000094f00000| PB 0x0000000094f00000| Complete 
|  58|0x0000000095000000, 0x0000000095100000, 0x0000000095100000|100%| E|CS|TAMS 0x0000000095000000| PB 0x0000000095000000| Complete 
|  59|0x0000000095100000, 0x0000000095200000, 0x0000000095200000|100%| E|CS|TAMS 0x0000000095100000| PB 0x0000000095100000| Complete 
|  60|0x0000000095200000, 0x0000000095300000, 0x0000000095300000|100%| E|CS|TAMS 0x0000000095200000| PB 0x0000000095200000| Complete 
|  61|0x0000000095300000, 0x0000000095400000, 0x0000000095400000|100%| E|CS|TAMS 0x0000000095300000| PB 0x0000000095300000| Complete 
|  62|0x0000000095400000, 0x0000000095500000, 0x0000000095500000|100%| E|CS|TAMS 0x0000000095400000| PB 0x0000000095400000| Complete 
|  63|0x0000000095500000, 0x0000000095600000, 0x0000000095600000|100%| E|CS|TAMS 0x0000000095500000| PB 0x0000000095500000| Complete 
|  64|0x0000000095600000, 0x0000000095700000, 0x0000000095700000|100%| E|CS|TAMS 0x0000000095600000| PB 0x0000000095600000| Complete 
|  65|0x0000000095700000, 0x0000000095800000, 0x0000000095800000|100%| E|CS|TAMS 0x0000000095700000| PB 0x0000000095700000| Complete 
|  66|0x0000000095800000, 0x0000000095900000, 0x0000000095900000|100%| E|CS|TAMS 0x0000000095800000| PB 0x0000000095800000| Complete 
|  67|0x0000000095900000, 0x0000000095a00000, 0x0000000095a00000|100%| E|CS|TAMS 0x0000000095900000| PB 0x0000000095900000| Complete 
|  68|0x0000000095a00000, 0x0000000095b00000, 0x0000000095b00000|100%| E|CS|TAMS 0x0000000095a00000| PB 0x0000000095a00000| Complete 
|1768|0x00000000ffe00000, 0x00000000ffe2a700, 0x00000000fff00000| 16%| O|  |TAMS 0x00000000ffe00000| PB 0x00000000ffe00000| Untracked 
|1769|0x00000000fff00000, 0x0000000100000000, 0x0000000100000000|100%| O|  |TAMS 0x00000000fff00000| PB 0x00000000fff00000| Untracked 

Card table byte_map: [0x00000174c16c0000,0x00000174c1a40000] _byte_map_base: 0x00000174c1235000

Marking Bits: (CMBitMap*) 0x00000174ae9e8580
 Bits: [0x00000174c1a40000, 0x00000174c35e8000)

Polling page: 0x00000174ac780000

Metaspace:

Usage:
  Non-class:     77.96 MB used.
      Class:     12.07 MB used.
       Both:     90.03 MB used.

Virtual space:
  Non-class space:      128.00 MB reserved,      78.38 MB ( 61%) committed,  2 nodes.
      Class space:        1.00 GB reserved,      12.44 MB (  1%) committed,  1 nodes.
             Both:        1.13 GB reserved,      90.81 MB (  8%) committed. 

Chunk freelists:
   Non-Class:  992.00 KB
       Class:  3.55 MB
        Both:  4.52 MB

MaxMetaspaceSize: unlimited
CompressedClassSpaceSize: 1.00 GB
Initial GC threshold: 21.00 MB
Current GC threshold: 149.31 MB
CDS: on
 - commit_granule_bytes: 65536.
 - commit_granule_words: 8192.
 - virtual_space_node_default_size: 8388608.
 - enlarge_chunks_in_place: 1.
 - use_allocation_guard: 0.


Internal statistics:

num_allocs_failed_limit: 9.
num_arena_births: 1176.
num_arena_deaths: 0.
num_vsnodes_births: 3.
num_vsnodes_deaths: 0.
num_space_committed: 1453.
num_space_uncommitted: 0.
num_chunks_returned_to_freelist: 9.
num_chunks_taken_from_freelist: 4371.
num_chunk_merges: 9.
num_chunk_splits: 3240.
num_chunks_enlarged: 2631.
num_inconsistent_stats: 0.

CodeHeap 'non-profiled nmethods': size=120000Kb used=4847Kb max_used=5255Kb free=115153Kb
 bounds [0x00000174b9e10000, 0x00000174ba340000, 0x00000174c1340000]
CodeHeap 'profiled nmethods': size=120000Kb used=13451Kb max_used=13845Kb free=106548Kb
 bounds [0x00000174b2340000, 0x00000174b30d0000, 0x00000174b9870000]
CodeHeap 'non-nmethods': size=5760Kb used=1703Kb max_used=1769Kb free=4056Kb
 bounds [0x00000174b9870000, 0x00000174b9ae0000, 0x00000174b9e10000]
CodeCache: size=245760Kb, used=20001Kb, max_used=20869Kb, free=225757Kb
 total_blobs=7381, nmethods=6606, adapters=680, full_count=0
Compilation: enabled, stopped_count=0, restarted_count=0

Compilation events (20 events):
Event: 529.471 Thread 0x00000174c5b20fc0 7815       3       java.net.Socket::setSoTimeout (47 bytes)
Event: 529.473 Thread 0x00000174c5b20fc0 nmethod 7815 0x00000174b2cb3190 code [0x00000174b2cb33e0, 0x00000174b2cb3b80]
Event: 529.473 Thread 0x00000174c5b20fc0 7816       3       sun.security.ssl.TransportContext::isOutboundClosed (8 bytes)
Event: 529.473 Thread 0x00000174c5b20fc0 nmethod 7816 0x00000174b2832e90 code [0x00000174b2833020, 0x00000174b28331d8]
Event: 543.796 Thread 0x00000174c5b20fc0 7817       3       com.mysql.cj.telemetry.NoopTelemetryHandler::startSpan (4 bytes)
Event: 543.797 Thread 0x00000174c5b20fc0 nmethod 7817 0x00000174b2904d10 code [0x00000174b2904ec0, 0x00000174b2905030]
Event: 543.797 Thread 0x00000174c5b20fc0 7818       3       com.mysql.cj.telemetry.NoopTelemetrySpan::getInstance (4 bytes)
Event: 543.797 Thread 0x00000174c5b20fc0 nmethod 7818 0x00000174b2a87e90 code [0x00000174b2a88020, 0x00000174b2a88118]
Event: 543.799 Thread 0x00000174c5b20fc0 7819       3       com.mysql.cj.telemetry.TelemetryScope::close (1 bytes)
Event: 543.799 Thread 0x00000174c5b20fc0 nmethod 7819 0x00000174b295ea10 code [0x00000174b295eba0, 0x00000174b295eca8]
Event: 543.799 Thread 0x00000174c5b20fc0 7820       3       com.mysql.cj.telemetry.TelemetrySpan::end (1 bytes)
Event: 543.800 Thread 0x00000174c5b20fc0 nmethod 7820 0x00000174b2abb110 code [0x00000174b2abb2a0, 0x00000174b2abb3a8]
Event: 556.142 Thread 0x00000174c5ab4140 7821       4       java.util.concurrent.locks.AbstractQueuedSynchronizer$Node::setPrevRelaxed (12 bytes)
Event: 556.147 Thread 0x00000174c5ab4140 nmethod 7821 0x00000174b9fe2a90 code [0x00000174b9fe2c20, 0x00000174b9fe2d78]
Event: 558.187 Thread 0x00000174c5ab4140 7822       4       java.util.concurrent.locks.AbstractQueuedSynchronizer::casTail (13 bytes)
Event: 558.189 Thread 0x00000174c5ab4140 nmethod 7822 0x00000174ba151a90 code [0x00000174ba151c20, 0x00000174ba151d90]
Event: 562.299 Thread 0x00000174c5b20fc0 7823       3       java.util.HashMap$Values::toArray (16 bytes)
Event: 562.300 Thread 0x00000174c5b20fc0 nmethod 7823 0x00000174b248bf10 code [0x00000174b248c0c0, 0x00000174b248c2e8]
Event: 566.209 Thread 0x00000174c5b20fc0 7824       1       jdk.internal.loader.URLClassPath$FileLoader$1::getURL (5 bytes)
Event: 566.210 Thread 0x00000174c5b20fc0 nmethod 7824 0x00000174ba151790 code [0x00000174ba151920, 0x00000174ba1519e8]

GC Heap History (20 events):
Event: 29.390 GC heap before
{Heap before GC invocations=22 (full 0):
 garbage-first heap   total 63488K, used 58432K [0x0000000091600000, 0x0000000100000000)
  region size 1024K, 34 young (34816K), 4 survivors (4096K)
 Metaspace       used 62389K, committed 62976K, reserved 1114112K
  class space    used 8098K, committed 8384K, reserved 1048576K
}
Event: 29.403 GC heap after
{Heap after GC invocations=23 (full 0):
 garbage-first heap   total 63488K, used 28377K [0x0000000091600000, 0x0000000100000000)
  region size 1024K, 3 young (3072K), 3 survivors (3072K)
 Metaspace       used 62389K, committed 62976K, reserved 1114112K
  class space    used 8098K, committed 8384K, reserved 1048576K
}
Event: 30.402 GC heap before
{Heap before GC invocations=23 (full 0):
 garbage-first heap   total 63488K, used 58073K [0x0000000091600000, 0x0000000100000000)
  region size 1024K, 33 young (33792K), 3 survivors (3072K)
 Metaspace       used 65693K, committed 66368K, reserved 1114112K
  class space    used 8469K, committed 8768K, reserved 1048576K
}
Event: 30.409 GC heap after
{Heap after GC invocations=24 (full 0):
 garbage-first heap   total 64512K, used 28761K [0x0000000091600000, 0x0000000100000000)
  region size 1024K, 3 young (3072K), 3 survivors (3072K)
 Metaspace       used 65693K, committed 66368K, reserved 1114112K
  class space    used 8469K, committed 8768K, reserved 1048576K
}
Event: 31.466 GC heap before
{Heap before GC invocations=24 (full 0):
 garbage-first heap   total 64512K, used 58457K [0x0000000091600000, 0x0000000100000000)
  region size 1024K, 33 young (33792K), 3 survivors (3072K)
 Metaspace       used 69281K, committed 69888K, reserved 1114112K
  class space    used 9150K, committed 9408K, reserved 1048576K
}
Event: 31.472 GC heap after
{Heap after GC invocations=25 (full 0):
 garbage-first heap   total 64512K, used 28903K [0x0000000091600000, 0x0000000100000000)
  region size 1024K, 3 young (3072K), 3 survivors (3072K)
 Metaspace       used 69281K, committed 69888K, reserved 1114112K
  class space    used 9150K, committed 9408K, reserved 1048576K
}
Event: 32.573 GC heap before
{Heap before GC invocations=25 (full 0):
 garbage-first heap   total 64512K, used 59623K [0x0000000091600000, 0x0000000100000000)
  region size 1024K, 33 young (33792K), 3 survivors (3072K)
 Metaspace       used 72444K, committed 73024K, reserved 1114112K
  class space    used 9639K, committed 9920K, reserved 1048576K
}
Event: 32.581 GC heap after
{Heap after GC invocations=26 (full 0):
 garbage-first heap   total 64512K, used 29356K [0x0000000091600000, 0x0000000100000000)
  region size 1024K, 3 young (3072K), 3 survivors (3072K)
 Metaspace       used 72444K, committed 73024K, reserved 1114112K
  class space    used 9639K, committed 9920K, reserved 1048576K
}
Event: 34.604 GC heap before
{Heap before GC invocations=27 (full 0):
 garbage-first heap   total 64512K, used 60076K [0x0000000091600000, 0x0000000100000000)
  region size 1024K, 33 young (33792K), 3 survivors (3072K)
 Metaspace       used 74868K, committed 75456K, reserved 1179648K
  class space    used 10049K, committed 10304K, reserved 1048576K
}
Event: 34.616 GC heap after
{Heap after GC invocations=28 (full 0):
 garbage-first heap   total 64512K, used 30645K [0x0000000091600000, 0x0000000100000000)
  region size 1024K, 4 young (4096K), 4 survivors (4096K)
 Metaspace       used 74868K, committed 75456K, reserved 1179648K
  class space    used 10049K, committed 10304K, reserved 1048576K
}
Event: 36.299 GC heap before
{Heap before GC invocations=28 (full 0):
 garbage-first heap   total 64512K, used 60341K [0x0000000091600000, 0x0000000100000000)
  region size 1024K, 33 young (33792K), 4 survivors (4096K)
 Metaspace       used 77538K, committed 78208K, reserved 1179648K
  class space    used 10426K, committed 10688K, reserved 1048576K
}
Event: 36.315 GC heap after
{Heap after GC invocations=29 (full 0):
 garbage-first heap   total 68608K, used 32876K [0x0000000091600000, 0x0000000100000000)
  region size 1024K, 5 young (5120K), 5 survivors (5120K)
 Metaspace       used 77538K, committed 78208K, reserved 1179648K
  class space    used 10426K, committed 10688K, reserved 1048576K
}
Event: 37.853 GC heap before
{Heap before GC invocations=29 (full 0):
 garbage-first heap   total 68608K, used 63596K [0x0000000091600000, 0x0000000100000000)
  region size 1024K, 35 young (35840K), 5 survivors (5120K)
 Metaspace       used 80225K, committed 80960K, reserved 1179648K
  class space    used 10779K, committed 11136K, reserved 1048576K
}
Event: 37.867 GC heap after
{Heap after GC invocations=30 (full 0):
 garbage-first heap   total 70656K, used 34382K [0x0000000091600000, 0x0000000100000000)
  region size 1024K, 4 young (4096K), 4 survivors (4096K)
 Metaspace       used 80225K, committed 80960K, reserved 1179648K
  class space    used 10779K, committed 11136K, reserved 1048576K
}
Event: 48.562 GC heap before
{Heap before GC invocations=31 (full 0):
 garbage-first heap   total 70656K, used 64078K [0x0000000091600000, 0x0000000100000000)
  region size 1024K, 34 young (34816K), 4 survivors (4096K)
 Metaspace       used 83710K, committed 84480K, reserved 1179648K
  class space    used 11199K, committed 11584K, reserved 1048576K
}
Event: 48.575 GC heap after
{Heap after GC invocations=32 (full 0):
 garbage-first heap   total 70656K, used 35238K [0x0000000091600000, 0x0000000100000000)
  region size 1024K, 3 young (3072K), 3 survivors (3072K)
 Metaspace       used 83710K, committed 84480K, reserved 1179648K
  class space    used 11199K, committed 11584K, reserved 1048576K
}
Event: 73.917 GC heap before
{Heap before GC invocations=32 (full 0):
 garbage-first heap   total 70656K, used 64934K [0x0000000091600000, 0x0000000100000000)
  region size 1024K, 33 young (33792K), 3 survivors (3072K)
 Metaspace       used 86847K, committed 87616K, reserved 1179648K
  class space    used 11624K, committed 11968K, reserved 1048576K
}
Event: 73.929 GC heap after
{Heap after GC invocations=33 (full 0):
 garbage-first heap   total 71680K, used 36513K [0x0000000091600000, 0x0000000100000000)
  region size 1024K, 4 young (4096K), 4 survivors (4096K)
 Metaspace       used 86847K, committed 87616K, reserved 1179648K
  class space    used 11624K, committed 11968K, reserved 1048576K
}
Event: 237.558 GC heap before
{Heap before GC invocations=33 (full 0):
 garbage-first heap   total 71680K, used 65185K [0x0000000091600000, 0x0000000100000000)
  region size 1024K, 33 young (33792K), 4 survivors (4096K)
 Metaspace       used 90186K, committed 90944K, reserved 1179648K
  class space    used 12031K, committed 12352K, reserved 1048576K
}
Event: 237.572 GC heap after
{Heap after GC invocations=34 (full 0):
 garbage-first heap   total 72704K, used 38057K [0x0000000091600000, 0x0000000100000000)
  region size 1024K, 3 young (3072K), 3 survivors (3072K)
 Metaspace       used 90186K, committed 90944K, reserved 1179648K
  class space    used 12031K, committed 12352K, reserved 1048576K
}

Dll operation events (12 events):
Event: 0.283 Loaded shared library C:\Users\shubham\.p2\pool\plugins\org.eclipse.justj.openjdk.hotspot.jre.full.win32.x86_64_21.0.10.v20260205-0638\jre\bin\java.dll
Event: 0.400 Loaded shared library C:\Users\shubham\.p2\pool\plugins\org.eclipse.justj.openjdk.hotspot.jre.full.win32.x86_64_21.0.10.v20260205-0638\jre\bin\zip.dll
Event: 1.387 Loaded shared library C:\Users\shubham\.p2\pool\plugins\org.eclipse.justj.openjdk.hotspot.jre.full.win32.x86_64_21.0.10.v20260205-0638\jre\bin\instrument.dll
Event: 1.409 Loaded shared library C:\Users\shubham\.p2\pool\plugins\org.eclipse.justj.openjdk.hotspot.jre.full.win32.x86_64_21.0.10.v20260205-0638\jre\bin\net.dll
Event: 1.413 Loaded shared library C:\Users\shubham\.p2\pool\plugins\org.eclipse.justj.openjdk.hotspot.jre.full.win32.x86_64_21.0.10.v20260205-0638\jre\bin\nio.dll
Event: 1.426 Loaded shared library C:\Users\shubham\.p2\pool\plugins\org.eclipse.justj.openjdk.hotspot.jre.full.win32.x86_64_21.0.10.v20260205-0638\jre\bin\zip.dll
Event: 2.025 Loaded shared library C:\Users\shubham\.p2\pool\plugins\org.eclipse.justj.openjdk.hotspot.jre.full.win32.x86_64_21.0.10.v20260205-0638\jre\bin\jimage.dll
Event: 2.182 Loaded shared library C:\Users\shubham\.p2\pool\plugins\org.eclipse.justj.openjdk.hotspot.jre.full.win32.x86_64_21.0.10.v20260205-0638\jre\bin\verify.dll
Event: 8.284 Loaded shared library C:\Users\shubham\.p2\pool\plugins\org.eclipse.justj.openjdk.hotspot.jre.full.win32.x86_64_21.0.10.v20260205-0638\jre\bin\sunmscapi.dll
Event: 18.333 Loaded shared library C:\Users\shubham\.p2\pool\plugins\org.eclipse.justj.openjdk.hotspot.jre.full.win32.x86_64_21.0.10.v20260205-0638\jre\bin\management.dll
Event: 18.452 Loaded shared library C:\Users\shubham\.p2\pool\plugins\org.eclipse.justj.openjdk.hotspot.jre.full.win32.x86_64_21.0.10.v20260205-0638\jre\bin\management_ext.dll
Event: 25.025 Loaded shared library C:\Users\shubham\.p2\pool\plugins\org.eclipse.justj.openjdk.hotspot.jre.full.win32.x86_64_21.0.10.v20260205-0638\jre\bin\extnet.dll

Deoptimization events (20 events):
Event: 124.075 Thread 0x000001750fcb2480 Uncommon trap: trap_request=0xffffff66 fr.pc=0x00000174ba24ae24 relative=0x0000000000004ce4
Event: 124.075 Thread 0x000001750fcb2480 Uncommon trap: reason=speculate_class_check action=maybe_recompile pc=0x00000174ba24ae24 method=org.springframework.transaction.interceptor.AbstractFallbackTransactionAttributeSource.getTransactionAttribute(Ljava/lang/reflect/Method;Ljava/lang/Class;Z)Lor
Event: 124.075 Thread 0x000001750fcb2480 DEOPT PACKING pc=0x00000174ba24ae24 sp=0x0000005f85ffd110
Event: 124.075 Thread 0x000001750fcb2480 DEOPT UNPACKING pc=0x00000174b98c4422 sp=0x0000005f85ffd158 mode 2
Event: 144.066 Thread 0x000001750fcacf30 Uncommon trap: trap_request=0xffffff54 fr.pc=0x00000174ba246888 relative=0x0000000000000748
Event: 144.066 Thread 0x000001750fcacf30 Uncommon trap: reason=speculate_null_assert action=make_not_entrant pc=0x00000174ba246888 method=org.springframework.transaction.interceptor.AbstractFallbackTransactionAttributeSource.getTransactionAttribute(Ljava/lang/reflect/Method;Ljava/lang/Class;Z)Lo
Event: 144.066 Thread 0x000001750fcacf30 DEOPT PACKING pc=0x00000174ba246888 sp=0x0000005f85bfcd80
Event: 144.066 Thread 0x000001750fcacf30 DEOPT UNPACKING pc=0x00000174b98c4422 sp=0x0000005f85bfcdd8 mode 2
Event: 177.435 Thread 0x000001750fcacf30 DEOPT PACKING pc=0x00000174b2dbf1db sp=0x0000005f85bfbe60
Event: 177.435 Thread 0x000001750fcacf30 DEOPT UNPACKING pc=0x00000174b98c4bc2 sp=0x0000005f85bfb2f8 mode 0
Event: 237.422 Thread 0x000001750fcacf30 Uncommon trap: trap_request=0xffffff45 fr.pc=0x00000174ba19c774 relative=0x0000000000000474
Event: 237.422 Thread 0x000001750fcacf30 Uncommon trap: reason=unstable_if action=reinterpret pc=0x00000174ba19c774 method=java.util.HashMap.getNode(Ljava/lang/Object;)Ljava/util/HashMap$Node; @ 66 c2
Event: 237.422 Thread 0x000001750fcacf30 DEOPT PACKING pc=0x00000174ba19c774 sp=0x0000005f85bfd1c0
Event: 237.422 Thread 0x000001750fcacf30 DEOPT UNPACKING pc=0x00000174b98c4422 sp=0x0000005f85bfd0a0 mode 2
Event: 442.572 Thread 0x00000174c5d32110 Uncommon trap: trap_request=0xffffff45 fr.pc=0x00000174b9e8c17c relative=0x000000000000013c
Event: 442.572 Thread 0x00000174c5d32110 Uncommon trap: reason=unstable_if action=reinterpret pc=0x00000174b9e8c17c method=sun.instrument.InstrumentationImpl.transform(Ljava/lang/Module;Ljava/lang/ClassLoader;Ljava/lang/String;Ljava/lang/Class;Ljava/security/ProtectionDomain;[BZ)[B @ 24 c2
Event: 442.572 Thread 0x00000174c5d32110 DEOPT PACKING pc=0x00000174b9e8c17c sp=0x0000005f846fe2f0
Event: 442.572 Thread 0x00000174c5d32110 DEOPT UNPACKING pc=0x00000174b98c4422 sp=0x0000005f846fe278 mode 2
Event: 470.927 Thread 0x000001750fcb10d0 DEOPT PACKING pc=0x00000174b2f69e0c sp=0x0000005f859fda70
Event: 470.927 Thread 0x000001750fcb10d0 DEOPT UNPACKING pc=0x00000174b98c4bc2 sp=0x0000005f859fcf18 mode 0

Classes loaded (20 events):
Event: 50.360 Loading class java/util/stream/ReduceOps$4
Event: 50.360 Loading class java/util/stream/ReduceOps$4 done
Event: 50.360 Loading class java/util/stream/ReduceOps$4ReducingSink
Event: 50.361 Loading class java/util/stream/ReduceOps$4ReducingSink done
Event: 50.405 Loading class sun/reflect/generics/repository/FieldRepository
Event: 50.405 Loading class sun/reflect/generics/repository/FieldRepository done
Event: 50.551 Loading class java/time/Instant$1
Event: 50.554 Loading class java/time/Instant$1 done
Event: 73.963 Loading class java/util/regex/Pattern$Bound
Event: 73.963 Loading class java/util/regex/Pattern$Bound done
Event: 123.449 Loading class java/io/PushbackInputStream
Event: 123.450 Loading class java/io/PushbackInputStream done
Event: 123.898 Loading class javax/xml/datatype/XMLGregorianCalendar
Event: 123.900 Loading class javax/xml/datatype/XMLGregorianCalendar done
Event: 215.392 Loading class java/util/stream/LongStream
Event: 215.394 Loading class java/util/stream/LongStream done
Event: 215.394 Loading class java/util/stream/DoubleStream
Event: 215.396 Loading class java/util/stream/DoubleStream done
Event: 237.429 Loading class java/lang/invoke/SerializedLambda
Event: 237.430 Loading class java/lang/invoke/SerializedLambda done

Classes unloaded (0 events):
No events

Classes redefined (0 events):
No events

Internal exceptions (20 events):
Event: 47.582 Thread 0x000001750fcb03b0 Exception <a 'java/lang/NoSuchMethodError'{0x0000000094e56290}: 'java.lang.Object java.lang.invoke.Invokers$Holder.linkToTargetMethod(java.lang.Object, java.lang.Object, java.lang.Object, long, java.lang.Object)'> (0x0000000094e56290) 
thrown [s\src\hotspot\share\interpreter\linkResolver.cpp, line 773]
Event: 48.336 Thread 0x000001750fcb1df0 Exception <a 'java/lang/NoSuchMethodError'{0x0000000095568cd8}: 'java.lang.Object java.lang.invoke.DirectMethodHandle$Holder.invokeStatic(java.lang.Object, int, int)'> (0x0000000095568cd8) 
thrown [s\src\hotspot\share\interpreter\linkResolver.cpp, line 773]
Event: 48.648 Thread 0x000001750fcacf30 Implicit null exception at 0x00000174ba1dd083 to 0x00000174ba1dd3cc
Event: 49.625 Thread 0x000001750fcae970 Implicit null exception at 0x00000174ba1927fe to 0x00000174ba1928c0
Event: 50.427 Thread 0x000001750fcae970 Implicit null exception at 0x00000174b9f6757a to 0x00000174b9f68244
Event: 50.427 Thread 0x000001750fcae970 Implicit null exception at 0x00000174b9ebbd50 to 0x00000174b9ebc1d4
Event: 50.430 Thread 0x000001750fcae970 Implicit null exception at 0x00000174ba117370 to 0x00000174ba118104
Event: 50.430 Thread 0x000001750fcae970 Implicit null exception at 0x00000174ba0a08c0 to 0x00000174ba0a1380
Event: 50.430 Thread 0x000001750fcae970 Implicit null exception at 0x00000174ba0f8194 to 0x00000174ba0f8ad4
Event: 73.848 Thread 0x000001750fcb03b0 Exception <a 'java/lang/IncompatibleClassChangeError'{0x0000000093ee0b60}: Found class java.lang.Object, but interface was expected> (0x0000000093ee0b60) 
thrown [s\src\hotspot\share\interpreter\linkResolver.cpp, line 840]
Event: 73.888 Thread 0x000001750fcb03b0 Exception <a 'java/lang/NoSuchMethodError'{0x0000000093dc3aa8}: 'java.lang.Object java.lang.invoke.DirectMethodHandle$Holder.invokeInterface(java.lang.Object, java.lang.Object, java.lang.Object, java.lang.Object, java.lang.Object)'> (0x0000000093dc3aa8) 
thrown [s\src\hotspot\share\interpreter\linkResolver.cpp, line 773]
Event: 73.912 Thread 0x000001750fcb03b0 Exception <a 'java/lang/NoSuchMethodError'{0x0000000093cebcd0}: 'void java.lang.invoke.DirectMethodHandle$Holder.invokeSpecialIFC(java.lang.Object, java.lang.Object, int, java.lang.Object, java.lang.Object, java.lang.Object, java.lang.Object)'> (0x0000000093cebcd0) 
thrown [s\src\hotspot\share\interpreter\linkResolver.cpp, line 773]
Event: 123.858 Thread 0x000001750fcb2480 Exception <a 'java/lang/NoSuchMethodError'{0x0000000094a331d8}: 'java.lang.Object java.lang.invoke.Invokers$Holder.invoker(java.lang.Object, java.lang.Object, java.lang.Object, java.lang.Object, java.lang.Object)'> (0x0000000094a331d8) 
thrown [s\src\hotspot\share\interpreter\linkResolver.cpp, line 773]
Event: 124.198 Thread 0x000001750fcb2480 Exception <a 'java/lang/NoSuchMethodError'{0x000000009450cc90}: 'int java.lang.invoke.DirectMethodHandle$Holder.invokeStatic(java.lang.Object, java.lang.Object, int, int)'> (0x000000009450cc90) 
thrown [s\src\hotspot\share\interpreter\linkResolver.cpp, line 773]
Event: 238.090 Thread 0x000001750fcacf30 Exception <a 'java/lang/NoSuchMethodError'{0x00000000950b3898}: 'java.lang.Object java.lang.invoke.DirectMethodHandle$Holder.invokeStatic(java.lang.Object, java.lang.Object, java.lang.Object, java.lang.Object, java.lang.Object, java.lang.Object, java.lang.Object, java.lang.Object, java.lang.Object, java.lang.Object, int)'> (0x00000000950b3898) 
thrown [s\src\hotspot\share\interpreter\linkResolver.cpp, line 773]
Event: 238.097 Thread 0x000001750fcacf30 Exception <a 'java/lang/NoSuchMethodError'{0x00000000950beb90}: 'java.lang.Object java.lang.invoke.DirectMethodHandle$Holder.invokeStatic(java.lang.Object, java.lang.Object, java.lang.Object, java.lang.Object, java.lang.Object, java.lang.Object, java.lang.Object, java.lang.Object, java.lang.Object, java.lang.Object, java.lang.Object, int)'> (0x00000000950beb90) 
thrown [s\src\hotspot\share\interpreter\linkResolver.cpp, line 773]
Event: 238.100 Thread 0x000001750fcacf30 Exception <a 'java/lang/NoSuchMethodError'{0x00000000950c9ce8}: 'java.lang.Object java.lang.invoke.DirectMethodHandle$Holder.invokeStatic(java.lang.Object, java.lang.Object, java.lang.Object, java.lang.Object, java.lang.Object, java.lang.Object, java.lang.Object, java.lang.Object, java.lang.Object, int)'> (0x00000000950c9ce8) 
thrown [s\src\hotspot\share\interpreter\linkResolver.cpp, line 773]
Event: 238.267 Thread 0x000001750fcacf30 Exception <a 'java/lang/NoSuchMethodError'{0x0000000094a4c0b8}: 'java.lang.Object java.lang.invoke.DirectMethodHandle$Holder.newInvokeSpecial(java.lang.Object, java.lang.Object, int, int)'> (0x0000000094a4c0b8) 
thrown [s\src\hotspot\share\interpreter\linkResolver.cpp, line 773]
Event: 238.269 Thread 0x000001750fcacf30 Exception <a 'java/lang/NoSuchMethodError'{0x0000000094a50490}: 'java.lang.Object java.lang.invoke.DirectMethodHandle$Holder.invokeSpecial(java.lang.Object, java.lang.Object, java.lang.Object, int, int)'> (0x0000000094a50490) 
thrown [s\src\hotspot\share\interpreter\linkResolver.cpp, line 773]
Event: 238.322 Thread 0x000001750fcacf30 Exception <a 'java/lang/IncompatibleClassChangeError'{0x0000000094ad8208}: Found class java.lang.Object, but interface was expected> (0x0000000094ad8208) 
thrown [s\src\hotspot\share\interpreter\linkResolver.cpp, line 840]

ZGC Phase Switch (0 events):
No events

VM Operations (20 events):
Event: 400.862 Executing safepoint VM operation: get/set locals
Event: 400.862 Executing safepoint VM operation: get/set locals done
Event: 400.864 Executing safepoint VM operation: get/set locals
Event: 400.864 Executing safepoint VM operation: get/set locals done
Event: 400.865 Executing safepoint VM operation: get/set locals
Event: 400.865 Executing safepoint VM operation: get/set locals done
Event: 400.866 Executing safepoint VM operation: get/set locals
Event: 400.866 Executing safepoint VM operation: get/set locals done
Event: 400.868 Executing safepoint VM operation: get/set locals
Event: 400.868 Executing safepoint VM operation: get/set locals done
Event: 400.869 Executing safepoint VM operation: get/set locals
Event: 400.869 Executing safepoint VM operation: get/set locals done
Event: 400.870 Executing safepoint VM operation: get/set locals
Event: 400.870 Executing safepoint VM operation: get/set locals done
Event: 473.100 Executing safepoint VM operation: Cleanup
Event: 473.100 Executing safepoint VM operation: Cleanup done
Event: 474.100 Executing safepoint VM operation: Cleanup
Event: 474.101 Executing safepoint VM operation: Cleanup done
Event: 525.174 Executing safepoint VM operation: Cleanup
Event: 525.175 Executing safepoint VM operation: Cleanup done

Memory protections (0 events):
No events

Nmethod flushes (20 events):
Event: 237.769 Thread 0x00000174c5a93fd0 flushing  nmethod 0x00000174b26ad410
Event: 237.769 Thread 0x00000174c5a93fd0 flushing  nmethod 0x00000174b26cf290
Event: 237.769 Thread 0x00000174c5a93fd0 flushing  nmethod 0x00000174b27eb790
Event: 237.769 Thread 0x00000174c5a93fd0 flushing  nmethod 0x00000174b2803210
Event: 237.769 Thread 0x00000174c5a93fd0 flushing  nmethod 0x00000174b2804e10
Event: 237.769 Thread 0x00000174c5a93fd0 flushing  nmethod 0x00000174b2809f90
Event: 237.769 Thread 0x00000174c5a93fd0 flushing  nmethod 0x00000174b2825090
Event: 237.769 Thread 0x00000174c5a93fd0 flushing  nmethod 0x00000174b28a2a10
Event: 237.769 Thread 0x00000174c5a93fd0 flushing  nmethod 0x00000174b28a3790
Event: 237.769 Thread 0x00000174c5a93fd0 flushing  nmethod 0x00000174b28bd510
Event: 237.769 Thread 0x00000174c5a93fd0 flushing  nmethod 0x00000174b28bda10
Event: 237.769 Thread 0x00000174c5a93fd0 flushing  nmethod 0x00000174b28be210
Event: 237.769 Thread 0x00000174c5a93fd0 flushing  nmethod 0x00000174b28c5810
Event: 237.769 Thread 0x00000174c5a93fd0 flushing  nmethod 0x00000174b28c7210
Event: 237.769 Thread 0x00000174c5a93fd0 flushing  nmethod 0x00000174b2956a90
Event: 237.769 Thread 0x00000174c5a93fd0 flushing  nmethod 0x00000174b295ea10
Event: 237.769 Thread 0x00000174c5a93fd0 flushing  nmethod 0x00000174b2afc310
Event: 237.769 Thread 0x00000174c5a93fd0 flushing  nmethod 0x00000174b2c37710
Event: 237.769 Thread 0x00000174c5a93fd0 flushing  nmethod 0x00000174b2c7f310
Event: 237.769 Thread 0x00000174c5a93fd0 flushing  nmethod 0x00000174b2df0c90

Events (20 events):
Event: 38.029 Thread 0x00000174ae99ec60 Thread added: 0x000001750fcb2480
Event: 38.030 Thread 0x00000174ae99ec60 Thread added: 0x000001750fcae2e0
Event: 38.030 Thread 0x00000174ae99ec60 Thread added: 0x000001750fcae970
Event: 38.105 Thread 0x00000174ae99ec60 Thread added: 0x000001750fcaf000
Event: 38.114 Thread 0x00000174ae99ec60 Thread added: 0x000001750fcaf690
Event: 38.193 Thread 0x00000174ae99ec60 Thread exited: 0x00000174ae99ec60
Event: 38.194 Thread 0x000001750fcafd20 Thread added: 0x000001750fcafd20
Event: 44.299 Thread 0x000001750f705320 Thread exited: 0x000001750f705320
Event: 48.036 Thread 0x00000174c5b20fc0 Thread added: 0x000001750f700f00
Event: 48.650 Thread 0x000001750f700f00 Thread exited: 0x000001750f700f00
Event: 49.134 Thread 0x00000174c5b20fc0 Thread added: 0x000001750f702a40
Event: 49.311 Thread 0x000001750fcae970 Thread added: 0x000001750e0e5000
Event: 49.315 Thread 0x000001750fcae970 Thread added: 0x000001750fc52590
Event: 50.275 Thread 0x000001750f702a40 Thread exited: 0x000001750f702a40
Event: 50.428 Thread 0x00000174c5b20fc0 Thread added: 0x000001750f700f00
Event: 54.143 Thread 0x000001750f700f00 Thread exited: 0x000001750f700f00
Event: 109.326 Thread 0x000001750fc52590 Thread exited: 0x000001750fc52590
Event: 123.655 Thread 0x00000174c5b20fc0 Thread added: 0x000001750f706790
Event: 128.248 Thread 0x000001750f706790 Thread exited: 0x000001750f706790
Event: 169.326 Thread 0x000001750e0e5000 Thread exited: 0x000001750e0e5000


Dynamic libraries:
0x00007ff6967e0000 - 0x00007ff6967ee000 	C:\Users\shubham\.p2\pool\plugins\org.eclipse.justj.openjdk.hotspot.jre.full.win32.x86_64_21.0.10.v20260205-0638\jre\bin\javaw.exe
0x00007ff95da00000 - 0x00007ff95dbf0000 	C:\Windows\SYSTEM32\ntdll.dll
0x00007ff95cdb0000 - 0x00007ff95ce62000 	C:\Windows\System32\KERNEL32.DLL
0x00007ff95aa20000 - 0x00007ff95acc5000 	C:\Windows\System32\KERNELBASE.dll
0x00007ff95acd0000 - 0x00007ff95adca000 	C:\Windows\System32\ucrtbase.dll
0x00007ff93cfa0000 - 0x00007ff93cfb8000 	C:\Users\shubham\.p2\pool\plugins\org.eclipse.justj.openjdk.hotspot.jre.full.win32.x86_64_21.0.10.v20260205-0638\jre\bin\jli.dll
0x00007ff95d740000 - 0x00007ff95d8d4000 	C:\Windows\System32\USER32.dll
0x00007ff95a990000 - 0x00007ff95a9b1000 	C:\Windows\System32\win32u.dll
0x00007ff95c2f0000 - 0x00007ff95c316000 	C:\Windows\System32\GDI32.dll
0x00007ff95b610000 - 0x00007ff95b7a6000 	C:\Windows\System32\gdi32full.dll
0x00007ff95b7b0000 - 0x00007ff95b84e000 	C:\Windows\System32\msvcp_win.dll
0x00007ff94df50000 - 0x00007ff94e1d4000 	C:\Windows\WinSxS\amd64_microsoft.windows.common-controls_6595b64144ccf1df_6.0.18362.1256_none_9e7e379be45e40e2\COMCTL32.dll
0x00007ff95cd10000 - 0x00007ff95cdae000 	C:\Windows\System32\msvcrt.dll
0x00007ff95bab0000 - 0x00007ff95bde6000 	C:\Windows\System32\combase.dll
0x00007ff95d560000 - 0x00007ff95d680000 	C:\Windows\System32\RPCRT4.dll
0x00007ff941500000 - 0x00007ff94151e000 	C:\Users\shubham\.p2\pool\plugins\org.eclipse.justj.openjdk.hotspot.jre.full.win32.x86_64_21.0.10.v20260205-0638\jre\bin\VCRUNTIME140.dll
0x00007ff95b9f0000 - 0x00007ff95ba71000 	C:\Windows\System32\bcryptPrimitives.dll
0x00007ff95c500000 - 0x00007ff95c52e000 	C:\Windows\System32\IMM32.DLL
0x00007ff94e9d0000 - 0x00007ff94e9dc000 	C:\Users\shubham\.p2\pool\plugins\org.eclipse.justj.openjdk.hotspot.jre.full.win32.x86_64_21.0.10.v20260205-0638\jre\bin\vcruntime140_1.dll
0x00007ff92dab0000 - 0x00007ff92db3d000 	C:\Users\shubham\.p2\pool\plugins\org.eclipse.justj.openjdk.hotspot.jre.full.win32.x86_64_21.0.10.v20260205-0638\jre\bin\msvcp140.dll
0x00007ff8ef4f0000 - 0x00007ff8f0291000 	C:\Users\shubham\.p2\pool\plugins\org.eclipse.justj.openjdk.hotspot.jre.full.win32.x86_64_21.0.10.v20260205-0638\jre\bin\server\jvm.dll
0x00007ff95c760000 - 0x00007ff95c803000 	C:\Windows\System32\ADVAPI32.dll
0x00007ff95cc70000 - 0x00007ff95cd07000 	C:\Windows\System32\sechost.dll
0x00007ff95a8d0000 - 0x00007ff95a91a000 	C:\Windows\System32\POWRPROF.dll
0x00007ff95a8a0000 - 0x00007ff95a8b0000 	C:\Windows\System32\UMPDC.dll
0x00007ff95cac0000 - 0x00007ff95cb2f000 	C:\Windows\System32\WS2_32.dll
0x00007ff950c90000 - 0x00007ff950cb4000 	C:\Windows\SYSTEM32\WINMM.dll
0x00007ff94e330000 - 0x00007ff94e33a000 	C:\Windows\SYSTEM32\VERSION.dll
0x00007ff950c60000 - 0x00007ff950c8d000 	C:\Windows\SYSTEM32\WINMMBASE.dll
0x00007ff95b9a0000 - 0x00007ff95b9ea000 	C:\Windows\System32\cfgmgr32.dll
0x00007ff95a8b0000 - 0x00007ff95a8c1000 	C:\Windows\System32\kernel.appcore.dll
0x00007ff950cc0000 - 0x00007ff950cca000 	C:\Users\shubham\.p2\pool\plugins\org.eclipse.justj.openjdk.hotspot.jre.full.win32.x86_64_21.0.10.v20260205-0638\jre\bin\jimage.dll
0x00007ff952900000 - 0x00007ff952af4000 	C:\Windows\SYSTEM32\DBGHELP.DLL
0x00007ff952520000 - 0x00007ff95254a000 	C:\Windows\SYSTEM32\dbgcore.DLL
0x00007ff9365f0000 - 0x00007ff93662c000 	C:\Users\shubham\.p2\pool\plugins\org.eclipse.justj.openjdk.hotspot.jre.full.win32.x86_64_21.0.10.v20260205-0638\jre\bin\jdwp.dll
0x00007ff950b40000 - 0x00007ff950b4f000 	C:\Users\shubham\.p2\pool\plugins\org.eclipse.justj.openjdk.hotspot.jre.full.win32.x86_64_21.0.10.v20260205-0638\jre\bin\instrument.dll
0x00007ff93b640000 - 0x00007ff93b660000 	C:\Users\shubham\.p2\pool\plugins\org.eclipse.justj.openjdk.hotspot.jre.full.win32.x86_64_21.0.10.v20260205-0638\jre\bin\java.dll
0x00007ff95ce70000 - 0x00007ff95d557000 	C:\Windows\System32\SHELL32.dll
0x00007ff95c320000 - 0x00007ff95c3c9000 	C:\Windows\System32\shcore.dll
0x00007ff95ae80000 - 0x00007ff95b601000 	C:\Windows\System32\windows.storage.dll
0x00007ff95a940000 - 0x00007ff95a963000 	C:\Windows\System32\profapi.dll
0x00007ff95d960000 - 0x00007ff95d9b2000 	C:\Windows\System32\shlwapi.dll
0x00007ff95a970000 - 0x00007ff95a987000 	C:\Windows\System32\cryptsp.dll
0x00007ff9365b0000 - 0x00007ff9365c8000 	C:\Users\shubham\.p2\pool\plugins\org.eclipse.justj.openjdk.hotspot.jre.full.win32.x86_64_21.0.10.v20260205-0638\jre\bin\zip.dll
0x00007ff94d200000 - 0x00007ff94d20c000 	C:\Users\shubham\.p2\pool\plugins\org.eclipse.justj.openjdk.hotspot.jre.full.win32.x86_64_21.0.10.v20260205-0638\jre\bin\dt_socket.dll
0x00007ff959da0000 - 0x00007ff959dda000 	C:\Windows\SYSTEM32\IPHLPAPI.DLL
0x00007ff95a090000 - 0x00007ff95a0f7000 	C:\Windows\system32\mswsock.dll
0x00007ff959de0000 - 0x00007ff959eab000 	C:\Windows\SYSTEM32\DNSAPI.dll
0x00007ff95c950000 - 0x00007ff95c958000 	C:\Windows\System32\NSI.dll
0x00007ff9554c0000 - 0x00007ff9554ca000 	C:\Windows\System32\rasadhlp.dll
0x00007ff952770000 - 0x00007ff9527e7000 	C:\Windows\System32\fwpuclnt.dll
0x00007ff95ba80000 - 0x00007ff95baa6000 	C:\Windows\System32\bcrypt.dll
0x00007ff9508f0000 - 0x00007ff950900000 	C:\Users\shubham\.p2\pool\plugins\org.eclipse.justj.openjdk.hotspot.jre.full.win32.x86_64_21.0.10.v20260205-0638\jre\bin\net.dll
0x00007ff951400000 - 0x00007ff9514f0000 	C:\Windows\SYSTEM32\WINHTTP.dll
0x00007ff935090000 - 0x00007ff9350a6000 	C:\Users\shubham\.p2\pool\plugins\org.eclipse.justj.openjdk.hotspot.jre.full.win32.x86_64_21.0.10.v20260205-0638\jre\bin\nio.dll
0x00007ff9502c0000 - 0x00007ff9502d0000 	C:\Users\shubham\.p2\pool\plugins\org.eclipse.justj.openjdk.hotspot.jre.full.win32.x86_64_21.0.10.v20260205-0638\jre\bin\verify.dll
0x00007ff94f830000 - 0x00007ff94f83e000 	C:\Users\shubham\.p2\pool\plugins\org.eclipse.justj.openjdk.hotspot.jre.full.win32.x86_64_21.0.10.v20260205-0638\jre\bin\sunmscapi.dll
0x00007ff95b850000 - 0x00007ff95b999000 	C:\Windows\System32\CRYPT32.dll
0x00007ff95a920000 - 0x00007ff95a932000 	C:\Windows\System32\MSASN1.dll
0x00007ff95a360000 - 0x00007ff95a386000 	C:\Windows\SYSTEM32\ncrypt.dll
0x00007ff95a320000 - 0x00007ff95a35b000 	C:\Windows\SYSTEM32\NTASN1.dll
0x00007ff959c00000 - 0x00007ff959c33000 	C:\Windows\system32\rsaenh.dll
0x00007ff95a780000 - 0x00007ff95a7a5000 	C:\Windows\SYSTEM32\USERENV.dll
0x00007ff95a260000 - 0x00007ff95a26c000 	C:\Windows\SYSTEM32\CRYPTBASE.dll
0x00007ff94d180000 - 0x00007ff94d18a000 	C:\Users\shubham\.p2\pool\plugins\org.eclipse.justj.openjdk.hotspot.jre.full.win32.x86_64_21.0.10.v20260205-0638\jre\bin\management.dll
0x00007ff94d090000 - 0x00007ff94d09c000 	C:\Users\shubham\.p2\pool\plugins\org.eclipse.justj.openjdk.hotspot.jre.full.win32.x86_64_21.0.10.v20260205-0638\jre\bin\management_ext.dll
0x00007ff95c260000 - 0x00007ff95c268000 	C:\Windows\System32\PSAPI.DLL
0x00007ff94ec30000 - 0x00007ff94ec39000 	C:\Users\shubham\.p2\pool\plugins\org.eclipse.justj.openjdk.hotspot.jre.full.win32.x86_64_21.0.10.v20260205-0638\jre\bin\extnet.dll
0x00007ff94ce40000 - 0x00007ff94ce47000 	C:\Windows\system32\wshunix.dll

JVMTI agents:
jdwp path:C:\Users\shubham\.p2\pool\plugins\org.eclipse.justj.openjdk.hotspot.jre.full.win32.x86_64_21.0.10.v20260205-0638\jre\bin\jdwp.dll, loaded, initialized, options:transport=dt_socket,suspend=y,address=localhost:54070
C:\Users\shubham\eclipse\java-2025-12\eclipse\configuration\org.eclipse.osgi\258\0\.cp\lib\javaagent-shaded.jar path:C:\Users\shubham\.p2\pool\plugins\org.eclipse.justj.openjdk.hotspot.jre.full.win32.x86_64_21.0.10.v20260205-0638\jre\bin\instrument.dll, loaded, initialized, instrumentlib options:none

dbghelp: loaded successfully - version: 4.0.5 - missing functions: none
symbol engine: initialized successfully - sym options: 0x614 - pdb path: .;C:\Users\shubham\.p2\pool\plugins\org.eclipse.justj.openjdk.hotspot.jre.full.win32.x86_64_21.0.10.v20260205-0638\jre\bin;C:\Windows\SYSTEM32;C:\Windows\WinSxS\amd64_microsoft.windows.common-controls_6595b64144ccf1df_6.0.18362.1256_none_9e7e379be45e40e2;C:\Users\shubham\.p2\pool\plugins\org.eclipse.justj.openjdk.hotspot.jre.full.win32.x86_64_21.0.10.v20260205-0638\jre\bin\server

VM Arguments:
jvm_args: -XX:+ShowCodeDetailsInExceptionMessages -agentlib:jdwp=transport=dt_socket,suspend=y,address=localhost:54070 -javaagent:C:\Users\shubham\eclipse\java-2025-12\eclipse\configuration\org.eclipse.osgi\258\0\.cp\lib\javaagent-shaded.jar -Dfile.encoding=UTF-8 -Dstdout.encoding=UTF-8 -Dstderr.encoding=UTF-8 
java_command: com.example.demo.DemoApplication
java_class_path (initial): C:\Users\shubham\Downloads\demo\demo\target\classes;C:\Users\shubham\.m2\repository\org\springframework\boot\spring-boot-starter-data-jpa\4.0.3\spring-boot-starter-data-jpa-4.0.3.jar;C:\Users\shubham\.m2\repository\org\springframework\boot\spring-boot-starter\4.0.3\spring-boot-starter-4.0.3.jar;C:\Users\shubham\.m2\repository\org\springframework\boot\spring-boot-starter-logging\4.0.3\spring-boot-starter-logging-4.0.3.jar;C:\Users\shubham\.m2\repository\ch\qos\logback\logback-classic\1.5.32\logback-classic-1.5.32.jar;C:\Users\shubham\.m2\repository\ch\qos\logback\logback-core\1.5.32\logback-core-1.5.32.jar;C:\Users\shubham\.m2\repository\org\apache\logging\log4j\log4j-to-slf4j\2.25.3\log4j-to-slf4j-2.25.3.jar;C:\Users\shubham\.m2\repository\org\apache\logging\log4j\log4j-api\2.25.3\log4j-api-2.25.3.jar;C:\Users\shubham\.m2\repository\org\slf4j\jul-to-slf4j\2.0.17\jul-to-slf4j-2.0.17.jar;C:\Users\shubham\.m2\repository\org\springframework\boot\spring-boot-autoconfigure\4.0.3\spring-boot-autoconfigure-4.0.3.jar;C:\Users\shubham\.m2\repository\jakarta\annotation\jakarta.annotation-api\3.0.0\jakarta.annotation-api-3.0.0.jar;C:\Users\shubham\.m2\repository\org\yaml\snakeyaml\2.5\snakeyaml-2.5.jar;C:\Users\shubham\.m2\repository\org\springframework\boot\spring-boot-starter-jdbc\4.0.3\spring-boot-starter-jdbc-4.0.3.jar;C:\Users\shubham\.m2\repository\com\zaxxer\HikariCP\7.0.2\HikariCP-7.0.2.jar;C:\Users\shubham\.m2\repository\org\slf4j\slf4j-api\2.0.17\slf4j-api-2.0.17.jar;C:\Users\shubham\.m2\repository\org\springframework\boot\spring-boot-data-jpa\4.0.3\spring-boot-data-jpa-4.0.3.jar;C:\Users\shubham\.m2\repository\org\springframework\boot\spring-boot-data-commons\4.0.3\spring-boot-data-commons-4.0.3.jar;C:\Users\shubham\.m2\repository\org\springframework\boot\spring-boot-persistence\4.0.3\spring-boot-persistence-4.0.3.jar;C:\Users\shubham\.m2\repository\org\springframework\data\spring-data-commons\4.0.3\spring-data-commons-4.0.3.jar;C:\Users\shubham\.m2\repository\org\springframework\boot\spring-boot-hibernate\4.0.3\spring-boot-hibernate-4.0.3.jar;C:\Users\shubham\.m2\repository\org\springframework\boot\spring-boot-jpa\4.0.3\spring-boot-jpa-4.0.3.jar;C:\Users\shubham\.m2\repository\jakarta\persistence\jakarta.persistence-api\3.2.0\jakarta.persistence-api-3.2.0.jar;C:\Users\shubham\.m2\repository\org\hibernate\orm\hibernate-core\7.2.4.Final\hibernate-core-7.2.4.Final.jar;C:\Users\shubham\.m2\repository\jakarta\transaction\jakarta.transaction-api\2.0.1\jakarta.transaction-api-2.0.1.jar;C:\Users\shubham\.m2\repository\org\hibernate\models\hibernate-models\1.0.1\hibernate-models-1.0.1.jar;C:\Users\shubham\.m2\repository\org\glassfish\jaxb\jaxb-runtime\4.0.6\jaxb-runtime-4.0.6.jar;C:\Users\shubham\.m2\repository\org\glassfish\jaxb\jaxb-core\4.0.6\jaxb-core-4.0.6.jar;C:\Users\shubham\.m2\repository\org\eclipse\angus\angus-activation\2.0.3\angus-activation-2.0.3.jar;C:\Users\shubham\.m2\repository\org\glassfish\jaxb\txw2\4.0.6\txw2-4.0.6.jar;C:\Users\shubham\.m2\repository\com\sun\istack\istack-commons-runtime\4.1.2\istack-commons-runtime-4.1.2.jar;C:\Users\shubham\.m2\repository\jakarta\inject\jakarta.inject-api\2.0.1\jakarta.inject-api-2.0.1.jar;C:\Users\shubham\.m2\repository\org\springframework\spring-orm\7.0.5\spring-orm-7.0.5.jar;C:\Users\shubham\.m2\repository\org\springframework\data\spring-data-jpa\4.0.3\spring-data-jpa-4.0.3.jar;C:\Users\shubham\.m2\repository\org\springframework\spring-context\7.0.5\spring-context-7.0.5.jar;C:\Users\shubham\.m2\repository\org\springframework\spring-aop\7.0.5\spring-aop-7.0.5.jar;C:\Users\shubham\.m2\repository\org\springframework\spring-tx\7.0.5\spring-tx-7.0.5.jar;C:\Users\shubham\.m2\repository\org\springframework\spring-beans\7.0.5\spring-beans-7.0.5.jar;C:\Users\shubham\.m2\repository\org\antlr\antlr4-runtime\4.13.2\antlr4-runtime-4.13.2.jar;C:\Users\shubham\.m2\repository\org\springframework\spring-aspects\7.0.5\spring-aspects-7.0.5.jar;C:\Users\shubham\.m2\repository\org\aspectj\aspectjweaver\1.9.25.1\aspectjweaver-1.9.25.1.jar;C:\Users\shubham\.m2\repository\org\springframework\boot\spring-boot-jdbc\4.0.3\spring-boot-jdbc-4.0.3.jar;C:\Users\shubham\.m2\repository\org\springframework\boot\spring-boot\4.0.3\spring-boot-4.0.3.jar;C:\Users\shubham\.m2\repository\org\springframework\boot\spring-boot-sql\4.0.3\spring-boot-sql-4.0.3.jar;C:\Users\shubham\.m2\repository\org\springframework\boot\spring-boot-transaction\4.0.3\spring-boot-transaction-4.0.3.jar;C:\Users\shubham\.m2\repository\org\springframework\spring-jdbc\7.0.5\spring-jdbc-7.0.5.jar;C:\Users\shubham\.m2\repository\org\springframework\boot\spring-boot-starter-webmvc\4.0.3\spring-boot-starter-webmvc-4.0.3.jar;C:\Users\shubham\.m2\repository\org\springframework\boot\spring-boot-starter-jackson\4.0.3\spring-boot-starter-jackson-4.0.3.jar;C:\Users\shubham\.m2\repository\org\springframework\boot\spring-boot-jackson\4.0.3\spring-boot-jackson-4.0.3.jar;C:\Users\shubham\.m2\repository\tools\jackson\core\jackson-databind\3.0.4\jackson-databind-3.0.4.jar;C:\Users\shubham\.m2\repository\com\fasterxml\jackson\core\jackson-annotations\2.20\jackson-annotations-2.20.jar;C:\Users\shubham\.m2\repository\tools\jackson\core\jackson-core\3.0.4\jackson-core-3.0.4.jar;C:\Users\shubham\.m2\repository\org\springframework\boot\spring-boot-starter-tomcat\4.0.3\spring-boot-starter-tomcat-4.0.3.jar;C:\Users\shubham\.m2\repository\org\springframework\boot\spring-boot-starter-tomcat-runtime\4.0.3\spring-boot-starter-tomcat-runtime-4.0.3.jar;C:\Users\shubham\.m2\repository\org\apache\tomcat\embed\tomcat-embed-core\11.0.18\tomcat-embed-core-11.0.18.jar;C:\Users\shubham\.m2\repository\org\apache\tomcat\embed\tomcat-embed-websocket\11.0.18\tomcat-embed-websocket-11.0.18.jar;C:\Users\shubham\.m2\repository\org\springframework\boot\spring-boot-tomcat\4.0.3\spring-boot-tomcat-4.0.3.jar;C:\Users\shubham\.m2\repository\org\springframework\boot\spring-boot-http-converter\4.0.3\spring-boot-http-converter-4.0.3.jar;C:\Users\shubham\.m2\repository\org\springframework\spring-web\7.0.5\spring-web-7.0.5.jar;C:\Users\shubham\.m2\repository\io\micrometer\micrometer-observation\1.16.3\micrometer-observation-1.16.3.jar;C:\Users\shubham\.m2\repository\io\micrometer\micrometer-commons\1.16.3\micrometer-commons-1.16.3.jar;C:\Users\shubham\.m2\repository\org\springframework\boot\spring-boot-webmvc\4.0.3\spring-boot-webmvc-4.0.3.jar;C:\Users\shubham\.m2\repository\org\springframework\boot\spring-boot-servlet\4.0.3\spring-boot-servlet-4.0.3.jar;C:\Users\shubham\.m2\repository\org\springframework\spring-webmvc\7.0.5\spring-webmvc-7.0.5.jar;C:\Users\shubham\.m2\repository\org\springframework\spring-expression\7.0.5\spring-expression-7.0.5.jar;C:\Users\shubham\.m2\repository\org\modelmapper\modelmapper\3.2.0\modelmapper-3.2.0.jar;C:\Users\shubham\.m2\repository\org\springframework\boot\spring-boot-starter-validation\4.0.3\spring-boot-starter-validation-4.0.3.jar;C:\Users\shubham\.m2\repository\org\springframework\boot\spring-boot-validation\4.0.3\spring-boot-validation-4.0.3.jar;C:\Users\shubham\.m2\repository\org\apache\tomcat\embed\tomcat-embed-el\11.0.18\tomcat-embed-el-11.0.18.jar;C:\Users\shubham\.m2\repository\org\hibernate\validator\hibernate-validator\9.0.1.Final\hibernate-validator-9.0.1.Final.jar;C:\Users\shubham\.m2\repository\jakarta\validation\jakarta.validation-api\3.1.1\jakarta.validation-api-3.1.1.jar;C:\Users\shubham\.m2\repository\org\jboss\logging\jboss-logging\3.6.2.Final\jboss-logging-3.6.2.Final.jar;C:\Users\shubham\.m2\repository\com\fasterxml\classmate\1.7.3\classmate-1.7.3.jar;C:\Users\shubham\.m2\repository\org\springdoc\springdoc-openapi-starter-webmvc-ui\3.0.1\springdoc-openapi-starter-webmvc-ui-3.0.1.jar;C:\Users\shubham\.m2\repository\org\springdoc\springdoc-openapi-starter-webmvc-api\3.0.1\springdoc-openapi-starter-webmvc-api-3.0.1.jar;C:\Users\shubham\.m2\repository\org\springdoc\springdoc-openapi-starter-common\3.0.1\springdoc-openapi-starter-common-3.0.1.jar;C:\Users\shubham\.m2\repository\io\swagger\core\v3\swagger-core-jakarta\2.2.41\swagger-core-jakarta-2.2.41.jar;C:\Users\shubham\.m2\repository\org\apache\commons\commons-lang3\3.19.0\commons-lang3-3.19.0.jar;C:\Users\shubham\.m2\repository\io\swagger\core\v3\swagger-annotations-jakarta\2.2.41\swagger-annotations-jakarta-2.2.41.jar;C:\Users\shubham\.m2\repository\io\swagger\core\v3\swagger-models-jakarta\2.2.41\swagger-models-jakarta-2.2.41.jar;C:\Users\shubham\.m2\repository\com\fasterxml\jackson\core\jackson-databind\2.20.2\jackson-databind-2.20.2.jar;C:\Users\shubham\.m2\repository\com\fasterxml\jackson\core\jackson-core\2.20.2\jackson-core-2.20.2.jar;C:\Users\shubham\.m2\repository\com\fasterxml\jackson\dataformat\jackson-dataformat-yaml\2.20.2\jackson-dataformat-yaml-2.20.2.jar;C:\Users\shubham\.m2\repository\com\fasterxml\jackson\datatype\jackson-datatype-jsr310\2.20.2\jackson-datatype-jsr310-2.20.2.jar;C:\Users\shubham\.m2\repository\org\springframework\boot\spring-boot-web-server\4.0.3\spring-boot-web-server-4.0.3.jar;C:\Users\shubham\.m2\repository\org\webjars\swagger-ui\5.31.0\swagger-ui-5.31.0.jar;C:\Users\shubham\.m2\repository\org\webjars\webjars-locator-lite\1.1.3\webjars-locator-lite-1.1.3.jar;C:\Users\shubham\.m2\repository\org\jspecify\jspecify\1.0.0\jspecify-1.0.0.jar;C:\Users\shubham\.m2\repository\com\mysql\mysql-connector-j\9.6.0\mysql-connector-j-9.6.0.jar;C:\Users\shubham\.m2\repository\org\projectlombok\lombok\1.18.42\lombok-1.18.42.jar;C:\Users\shubham\.m2\repository\jakarta\xml\bind\jakarta.xml.bind-api\4.0.4\jakarta.xml.bind-api-4.0.4.jar;C:\Users\shubham\.m2\repository\jakarta\activation\jakarta.activation-api\2.1.4\jakarta.activation-api-2.1.4.jar;C:\Users\shubham\.m2\repository\net\bytebuddy\byte-buddy\1.17.8\byte-buddy-1.17.8.jar;C:\Users\shubham\.m2\repository\org\springframework\spring-core\7.0.5\spring-core-7.0.5.jar;C:\Users\shubham\.m2\repository\commons-logging\commons-logging\1.3.5\commons-logging-1.3.5.jar
Launcher Type: SUN_STANDARD

[Global flags]
     intx CICompilerCount                          = 3                                         {product} {ergonomic}
     uint ConcGCThreads                            = 1                                         {product} {ergonomic}
     uint G1ConcRefinementThreads                  = 4                                         {product} {ergonomic}
   size_t G1HeapRegionSize                         = 1048576                                   {product} {ergonomic}
    uintx GCDrainStackTargetSize                   = 64                                        {product} {ergonomic}
   size_t InitialHeapSize                          = 117440512                                 {product} {ergonomic}
   size_t MarkStackSize                            = 4194304                                   {product} {ergonomic}
   size_t MaxHeapSize                              = 1855979520                                {product} {ergonomic}
   size_t MaxNewSize                               = 1113587712                                {product} {ergonomic}
   size_t MinHeapDeltaBytes                        = 1048576                                   {product} {ergonomic}
   size_t MinHeapSize                              = 8388608                                   {product} {ergonomic}
    uintx NonNMethodCodeHeapSize                   = 5832780                                {pd product} {ergonomic}
    uintx NonProfiledCodeHeapSize                  = 122912730                              {pd product} {ergonomic}
    uintx ProfiledCodeHeapSize                     = 122912730                              {pd product} {ergonomic}
    uintx ReservedCodeCacheSize                    = 251658240                              {pd product} {ergonomic}
     bool SegmentedCodeCache                       = true                                      {product} {ergonomic}
     bool ShowCodeDetailsInExceptionMessages       = true                                   {manageable} {command line}
   size_t SoftMaxHeapSize                          = 1855979520                             {manageable} {ergonomic}
     bool UseCompressedOops                        = true                           {product lp64_product} {ergonomic}
     bool UseG1GC                                  = true                                      {product} {ergonomic}
     bool UseLargePagesIndividualAllocation        = false                                  {pd product} {ergonomic}

Logging:
Log output configuration:
 #0: stdout all=warning uptime,level,tags foldmultilines=false
 #1: stderr all=off uptime,level,tags foldmultilines=false

Release file:
JAVA_VERSION="21.0.10" 
MODULES="java.base java.compiler java.datatransfer java.xml java.prefs java.desktop java.instrument java.logging java.management java.security.sasl java.naming java.rmi java.management.rmi java.net.http java.scripting java.security.jgss java.transaction.xa java.sql java.sql.rowset java.xml.crypto java.se java.smartcardio jdk.accessibility jdk.internal.jvmstat jdk.attach jdk.charsets jdk.internal.opt jdk.zipfs jdk.compiler jdk.crypto.ec jdk.crypto.cryptoki jdk.crypto.mscapi jdk.dynalink jdk.internal.ed jdk.editpad jdk.hotspot.agent jdk.httpserver jdk.internal.le jdk.internal.vm.ci jdk.internal.vm.compiler jdk.internal.vm.compiler.management jdk.jartool jdk.javadoc jdk.jcmd jdk.management jdk.management.agent jdk.jconsole jdk.jdeps jdk.jdwp.agent jdk.jdi jdk.jfr jdk.jshell jdk.jsobject jdk.jstatd jdk.localedata jdk.management.jfr jdk.naming.dns jdk.naming.rmi jdk.net jdk.nio.mapmode jdk.random jdk.sctp jdk.security.auth jdk.security.jgss jdk.unsupported jdk.unsupported.desktop jdk.xml.dom" 

Environment Variables:
PATH=C:\Users\shubham\.p2\pool\plugins\org.eclipse.justj.openjdk.hotspot.jre.full.win32.x86_64_21.0.10.v20260205-0638\jre\bin;C:/Users/shubham/.p2/pool/plugins/org.eclipse.justj.openjdk.hotspot.jre.full.win32.x86_64_21.0.10.v20260205-0638/jre/bin/server;C:/Users/shubham/.p2/pool/plugins/org.eclipse.justj.openjdk.hotspot.jre.full.win32.x86_64_21.0.10.v20260205-0638/jre/bin;C:\Program Files\Common Files\Oracle\Java\javapath;C:\Windows\system32;C:\Windows;C:\Windows\System32\Wbem;C:\Windows\System32\WindowsPowerShell\v1.0\;C:\Windows\System32\OpenSSH\;C:\Users\shubham\AppData\Local\Microsoft\WindowsApps;C:\Users\shubham\AppData\Local\Programs\Microsoft VS Code\bin;C:\Users\shubham\Desktop;
USERNAME=shubham
OS=Windows_NT
PROCESSOR_IDENTIFIER=AMD64 Family 22 Model 48 Stepping 1, AuthenticAMD
TMP=C:\Users\shubham\AppData\Local\Temp
TEMP=C:\Users\shubham\AppData\Local\Temp




Periodic native trim disabled

---------------  S Y S T E M  ---------------

OS:
 Windows 10 , 64 bit Build 18362 (10.0.18362.1110)
OS uptime: 15 days 0:40 hours

CPU: total 4 (initial active 4) (4 cores per cpu, 1 threads per core) family 22 model 48 stepping 1 microcode 0x0, cx8, cmov, fxsr, mmx, 3dnowpref, sse, sse2, sse3, ssse3, sse4a, sse4.1, sse4.2, popcnt, lzcnt, tsc, tscinvbit, avx, aes, clmul, bmi1, vzeroupper, clflush, rdtscp, f16c
Processor Information for the first 4 processors :
  Max Mhz: 2200, Current Mhz: 2200, Mhz Limit: 2200

Memory: 4k page, system-wide physical 7074M (2255M free)
TotalPageFile size 9547M (AvailPageFile size 3286M)
current process WorkingSet (physical memory assigned to process): 287M, peak: 328M
current process commit charge ("private bytes"): 312M, peak: 353M

vm_info: OpenJDK 64-Bit Server VM (21.0.10+7-LTS) for windows-amd64 JRE (21.0.10+7-LTS), built on 2026-01-20T00:00:00Z by "admin" with MS VC++ 17.12 (VS2022)

END.
